TN:
SF:/mnt/d/jl/openlibm/amd64/fenv.c
FN:101,113,feholdexcept
FN:118,128,feupdateenv
FN:131,145,feenableexcept
FN:148,162,fedisableexcept
FN:55,70,fesetexceptflag
FN:73,80,feraiseexcept
FN:87,98,fegetenv
FNDA:0,feholdexcept
FNDA:0,feupdateenv
FNDA:0,feenableexcept
FNDA:0,fedisableexcept
FNDA:0,fesetexceptflag
FNDA:0,feraiseexcept
FNDA:18,fegetenv
FNF:7
FNH:1
DA:55,0
DA:59,0
DA:60,0
DA:61,0
DA:62,0
DA:64,0
DA:65,0
DA:66,0
DA:67,0
DA:69,0
DA:73,0
DA:75,0
DA:77,0
DA:78,0
DA:79,0
DA:87,18
DA:90,18
DA:91,18
DA:96,18
DA:97,18
DA:101,0
DA:105,0
DA:106,0
DA:107,0
DA:108,0
DA:109,0
DA:110,0
DA:111,0
DA:112,0
DA:118,0
DA:123,0
DA:124,0
DA:125,0
DA:126,0
DA:127,0
DA:131,0
DA:136,0
DA:137,0
DA:138,0
DA:139,0
DA:140,0
DA:141,0
DA:142,0
DA:143,0
DA:144,0
DA:148,0
DA:153,0
DA:154,0
DA:155,0
DA:156,0
DA:157,0
DA:158,0
DA:159,0
DA:160,0
DA:161,0
LF:55
LH:5
end_of_record
TN:
SF:/mnt/d/jl/openlibm/bsdsrc/b_exp.c
FN:132,172,__exp__D
FNDA:0,__exp__D
FNF:1
FNH:0
BRDA:138,0,0,-
BRDA:138,0,1,-
BRDA:140,0,0,-
BRDA:140,0,1,-
BRDA:141,0,0,-
BRDA:141,0,1,-
BRDA:162,0,0,-
BRDA:162,0,1,-
BRDA:171,0,0,-
BRDA:171,0,1,-
BRF:10
BRH:0
DA:132,0
DA:138,0
DA:139,0
DA:140,0
DA:141,0
DA:144,0
DA:145,0
DA:149,0
DA:150,0
DA:152,0
DA:153,0
DA:154,0
DA:156,0
DA:162,0
DA:165,0
DA:171,0
LF:16
LH:0
end_of_record
TN:
SF:/mnt/d/jl/openlibm/bsdsrc/b_log.c
FN:427,466,__log__D
FNDA:0,__log__D
FNF:1
FNH:0
BRDA:440,0,0,-
BRDA:440,0,1,-
BRDA:452,0,0,-
BRDA:452,0,1,-
BRF:4
BRH:0
DA:427,0
DA:438,0
DA:439,0
DA:440,0
DA:441,0
DA:442,0
DA:444,0
DA:445,0
DA:446,0
DA:448,0
DA:449,0
DA:450,0
DA:451,0
DA:452,0
DA:453,0
DA:455,0
DA:456,0
DA:458,0
DA:460,0
DA:461,0
DA:462,0
DA:463,0
DA:464,0
DA:465,0
LF:24
LH:0
end_of_record
TN:
SF:/mnt/d/jl/openlibm/bsdsrc/b_tgamma.c
FN:127,149,tgamma
FN:154,177,large_gam
FN:183,212,small_gam
FN:217,241,smaller_gam
FN:246,270,ratfun_gam
FN:273,315,neg_gam
FNDA:28,tgamma
FNDA:0,large_gam
FNDA:6,small_gam
FNDA:8,smaller_gam
FNDA:14,ratfun_gam
FNDA:4,neg_gam
FNF:6
FNH:5
BRDA:132,0,0,2
BRDA:132,0,1,26
BRDA:133,0,0,2
BRDA:133,0,1,0
BRDA:137,0,0,6
BRDA:137,0,1,20
BRDA:139,0,0,8
BRDA:139,0,1,12
BRDA:141,0,0,4
BRDA:141,0,1,8
BRDA:142,0,0,0
BRDA:142,0,1,4
BRDA:145,0,0,4
BRDA:145,0,1,4
BRDA:190,0,0,4
BRDA:190,0,1,2
BRDA:200,0,0,2
BRDA:200,0,1,2
BRDA:222,0,0,0
BRDA:222,0,1,8
BRDA:281,0,0,2
BRDA:281,0,1,2
BRDA:284,0,0,0
BRDA:284,0,1,2
BRDA:287,0,0,2
BRDA:287,0,1,0
BRDA:289,0,0,0
BRDA:289,0,1,2
BRDA:294,0,0,0
BRDA:294,0,1,2
BRDA:295,0,0,-
BRDA:295,0,1,-
BRDA:305,0,0,-
BRDA:305,0,1,-
BRDA:309,0,0,2
BRDA:309,0,1,0
BRDA:313,0,0,2
BRDA:313,0,1,0
BRF:38
BRH:25
DA:127,28
DA:132,28
DA:133,2
DA:134,2
DA:135,0
DA:136,0
DA:137,26
DA:138,6
DA:139,20
DA:140,8
DA:141,12
DA:142,4
DA:143,0
DA:144,4
DA:145,8
DA:146,4
DA:148,4
DA:154,0
DA:160,0
DA:161,0
DA:162,0
DA:164,0
DA:165,0
DA:166,0
DA:167,0
DA:168,0
DA:169,0
DA:170,0
DA:172,0
DA:173,0
DA:174,0
DA:175,0
DA:176,0
DA:183,6
DA:188,6
DA:189,6
DA:190,6
DA:191,4
DA:192,4
DA:194,2
DA:195,2
DA:196,2
DA:197,2
DA:198,2
DA:200,4
DA:201,2
DA:202,2
DA:203,2
DA:204,2
DA:205,2
DA:208,2
DA:209,2
DA:210,2
DA:211,2
DA:217,8
DA:222,8
DA:223,0
DA:224,0
DA:225,0
DA:226,0
DA:227,0
DA:228,0
DA:229,0
DA:230,0
DA:232,8
DA:233,8
DA:234,8
DA:235,8
DA:237,8
DA:238,8
DA:239,8
DA:240,8
DA:246,14
DA:252,14
DA:253,14
DA:256,14
DA:257,14
DA:258,14
DA:259,14
DA:260,14
DA:261,14
DA:262,14
DA:263,14
DA:264,14
DA:265,14
DA:266,14
DA:267,14
DA:268,14
DA:269,14
DA:273,4
DA:276,4
DA:280,4
DA:281,4
DA:282,2
DA:283,2
DA:284,2
DA:285,0
DA:286,2
DA:287,2
DA:288,2
DA:289,2
DA:290,0
DA:292,2
DA:294,2
DA:295,0
DA:296,0
DA:297,0
DA:298,0
DA:299,0
DA:300,0
DA:301,0
DA:302,0
DA:303,0
DA:304,0
DA:305,0
DA:306,0
DA:308,2
DA:309,2
DA:310,2
DA:312,0
DA:313,2
DA:314,2
LF:122
LH:80
end_of_record
TN:
SF:/mnt/d/jl/openlibm/bsdsrc/mathimpl.h
FN:49,57,_b_trunc
FNDA:76,_b_trunc
FNF:1
FNH:1
DA:49,76
DA:55,76
DA:56,76
DA:57,76
LF:4
LH:4
end_of_record
TN:
SF:/mnt/d/jl/openlibm/include/openlibm_fenv_amd64.h
FN:142,154,fegetround
FN:157,176,fesetround
FN:182,196,fesetenv
FNDA:1,fegetround
FNDA:1,fesetround
FNDA:18,fesetenv
FNF:3
FNH:3
BRDA:162,0,0,0
BRDA:162,0,1,1
BRF:2
BRH:1
DA:142,1
DA:152,1
DA:153,1
DA:157,1
DA:162,1
DA:163,0
DA:165,1
DA:166,1
DA:167,1
DA:168,1
DA:170,1
DA:171,1
DA:172,1
DA:173,1
DA:175,1
DA:182,18
DA:193,18
DA:194,18
DA:195,18
LF:19
LH:18
end_of_record
TN:
SF:/mnt/d/jl/openlibm/ld80/e_acoshl.c
FN:36,57,acoshl
FNDA:0,acoshl
FNF:1
FNH:0
BRDA:41,0,0,-
BRDA:41,0,1,-
BRDA:41,0,2,-
BRDA:41,0,3,-
BRDA:43,0,0,-
BRDA:43,0,1,-
BRDA:44,0,0,-
BRDA:44,0,1,-
BRDA:48,0,0,-
BRDA:48,0,1,-
BRDA:50,0,0,-
BRDA:50,0,1,-
BRF:12
BRH:0
DA:36,0
DA:40,0
DA:41,0
DA:42,0
DA:43,0
DA:44,0
DA:45,0
DA:47,0
DA:48,0
DA:49,0
DA:50,0
DA:51,0
DA:52,0
DA:54,0
DA:55,0
LF:15
LH:0
end_of_record
TN:
SF:/mnt/d/jl/openlibm/ld80/e_atanhl.c
FN:40,60,atanhl
FNDA:0,atanhl
FNF:1
FNH:0
BRDA:47,0,0,-
BRDA:47,0,1,-
BRDA:50,0,0,-
BRDA:50,0,1,-
BRDA:52,0,0,-
BRDA:52,0,1,-
BRDA:52,0,2,-
BRDA:52,0,3,-
BRDA:54,0,0,-
BRDA:54,0,1,-
BRDA:59,0,0,-
BRDA:59,0,1,-
BRF:12
BRH:0
DA:40,0
DA:45,0
DA:46,0
DA:47,0
DA:49,0
DA:50,0
DA:51,0
DA:52,0
DA:53,0
DA:54,0
DA:55,0
DA:56,0
DA:58,0
DA:59,0
LF:14
LH:0
end_of_record
TN:
SF:/mnt/d/jl/openlibm/ld80/e_coshl.c
FN:41,83,coshl
FNDA:0,coshl
FNF:1
FNH:0
BRDA:52,0,0,-
BRDA:52,0,1,-
BRDA:55,0,0,-
BRDA:55,0,1,-
BRDA:55,0,2,-
BRDA:55,0,3,-
BRDA:55,0,4,-
BRDA:55,0,5,-
BRDA:58,0,0,-
BRDA:58,0,1,-
BRDA:63,0,0,-
BRDA:63,0,1,-
BRDA:63,0,2,-
BRDA:63,0,3,-
BRDA:63,0,4,-
BRDA:63,0,5,-
BRDA:69,0,0,-
BRDA:69,0,1,-
BRDA:69,0,2,-
BRDA:69,0,3,-
BRDA:69,0,4,-
BRDA:69,0,5,-
BRDA:73,0,0,-
BRDA:73,0,1,-
BRDA:73,0,2,-
BRDA:73,0,3,-
BRDA:74,0,0,-
BRDA:74,0,1,-
BRDA:74,0,2,-
BRDA:74,0,3,-
BRF:30
BRH:0
DA:41,0
DA:48,0
DA:49,0
DA:52,0
DA:55,0
DA:56,0
DA:57,0
DA:58,0
DA:59,0
DA:63,0
DA:64,0
DA:65,0
DA:69,0
DA:70,0
DA:73,0
DA:74,0
DA:76,0
DA:77,0
DA:78,0
DA:82,0
LF:20
LH:0
end_of_record
TN:
SF:/mnt/d/jl/openlibm/ld80/e_expl.c
FN:97,131,expl
FNDA:0,expl
FNF:1
FNH:0
BRDA:102,0,0,-
BRDA:102,0,1,-
BRDA:104,0,0,-
BRDA:104,0,1,-
BRDA:107,0,0,-
BRDA:107,0,1,-
BRF:6
BRH:0
DA:97,0
DA:102,0
DA:103,0
DA:104,0
DA:105,0
DA:107,0
DA:108,0
DA:114,0
DA:115,0
DA:116,0
DA:117,0
DA:124,0
DA:125,0
DA:126,0
DA:127,0
DA:129,0
DA:130,0
LF:17
LH:0
end_of_record
TN:
SF:/mnt/d/jl/openlibm/ld80/e_lgammal_r.c
FN:202,265,sin_pi
FN:269,425,lgammal_r
FNDA:0,sin_pi
FNDA:0,lgammal_r
FNF:2
FNH:0
BRDA:211,0,0,-
BRDA:211,0,1,-
BRDA:220,0,0,-
BRDA:220,0,1,-
BRDA:228,0,0,-
BRDA:228,0,1,-
BRDA:234,0,0,-
BRDA:234,0,1,-
BRDA:243,0,0,-
BRDA:243,0,1,-
BRDA:243,0,2,-
BRDA:243,0,3,-
BRDA:243,0,4,-
BRDA:279,0,0,-
BRDA:279,0,1,-
BRDA:281,0,0,-
BRDA:281,0,1,-
BRDA:289,0,0,-
BRDA:289,0,1,-
BRDA:292,0,0,-
BRDA:292,0,1,-
BRDA:294,0,0,-
BRDA:294,0,1,-
BRDA:302,0,0,-
BRDA:302,0,1,-
BRDA:305,0,0,-
BRDA:305,0,1,-
BRDA:308,0,0,-
BRDA:308,0,1,-
BRDA:314,0,0,-
BRDA:314,0,1,-
BRDA:315,0,0,-
BRDA:315,0,1,-
BRDA:317,0,0,-
BRDA:317,0,1,-
BRDA:320,0,0,-
BRDA:320,0,1,-
BRDA:324,0,0,-
BRDA:324,0,1,-
BRDA:329,0,0,-
BRDA:329,0,1,-
BRDA:344,0,0,-
BRDA:344,0,1,-
BRDA:350,0,0,-
BRDA:350,0,1,-
BRDA:363,0,0,-
BRDA:363,0,1,-
BRDA:363,0,2,-
BRDA:363,0,3,-
BRDA:382,0,0,-
BRDA:382,0,1,-
BRDA:393,0,0,-
BRDA:393,0,1,-
BRDA:393,0,2,-
BRDA:393,0,3,-
BRDA:393,0,4,-
BRDA:393,0,5,-
BRDA:409,0,0,-
BRDA:409,0,1,-
BRDA:422,0,0,-
BRDA:422,0,1,-
BRF:61
BRH:0
DA:202,0
DA:208,0
DA:209,0
DA:210,0
DA:211,0
DA:212,0
DA:213,0
DA:219,0
DA:220,0
DA:222,0
DA:223,0
DA:224,0
DA:228,0
DA:230,0
DA:234,0
DA:235,0
DA:236,0
DA:237,0
DA:238,0
DA:239,0
DA:243,0
DA:245,0
DA:246,0
DA:247,0
DA:248,0
DA:250,0
DA:251,0
DA:252,0
DA:254,0
DA:255,0
DA:256,0
DA:258,0
DA:259,0
DA:260,0
DA:261,0
DA:262,0
DA:264,0
DA:269,0
DA:275,0
DA:276,0
DA:277,0
DA:279,0
DA:281,0
DA:282,0
DA:283,0
DA:286,0
DA:289,0
DA:290,0
DA:292,0
DA:294,0
DA:296,0
DA:297,0
DA:300,0
DA:302,0
DA:304,0
DA:305,0
DA:306,0
DA:307,0
DA:308,0
DA:309,0
DA:310,0
DA:314,0
DA:315,0
DA:316,0
DA:317,0
DA:320,0
DA:323,0
DA:324,0
DA:326,0
DA:327,0
DA:329,0
DA:331,0
DA:332,0
DA:337,0
DA:338,0
DA:343,0
DA:344,0
DA:347,0
DA:348,0
DA:350,0
DA:353,0
DA:354,0
DA:359,0
DA:360,0
DA:363,0
DA:365,0
DA:366,0
DA:367,0
DA:368,0
DA:369,0
DA:370,0
DA:371,0
DA:372,0
DA:373,0
DA:374,0
DA:375,0
DA:376,0
DA:377,0
DA:378,0
DA:379,0
DA:382,0
DA:385,0
DA:386,0
DA:387,0
DA:388,0
DA:389,0
DA:390,0
DA:391,0
DA:392,0
DA:393,0
DA:395,0
DA:396,0
DA:397,0
DA:398,0
DA:399,0
DA:400,0
DA:401,0
DA:402,0
DA:403,0
DA:404,0
DA:405,0
DA:406,0
DA:409,0
DA:412,0
DA:413,0
DA:414,0
DA:415,0
DA:416,0
DA:417,0
DA:421,0
DA:422,0
DA:423,0
DA:424,0
LF:133
LH:0
end_of_record
TN:
SF:/mnt/d/jl/openlibm/ld80/e_log10l.c
FN:122,205,log10l
FNDA:0,log10l
FNF:1
FNH:0
BRDA:128,0,0,-
BRDA:128,0,1,-
BRDA:131,0,0,-
BRDA:131,0,1,-
BRDA:133,0,0,-
BRDA:133,0,1,-
BRDA:138,0,0,-
BRDA:138,0,1,-
BRDA:151,0,0,-
BRDA:151,0,1,-
BRDA:151,0,2,-
BRDA:151,0,3,-
BRDA:153,0,0,-
BRDA:153,0,1,-
BRDA:174,0,0,-
BRDA:174,0,1,-
BRF:16
BRH:0
DA:122,0
DA:128,0
DA:129,0
DA:131,0
DA:133,0
DA:134,0
DA:136,0
DA:138,0
DA:139,0
DA:145,0
DA:151,0
DA:153,0
DA:155,0
DA:156,0
DA:157,0
DA:161,0
DA:162,0
DA:163,0
DA:165,0
DA:166,0
DA:167,0
DA:168,0
DA:174,0
DA:176,0
DA:177,0
DA:181,0
DA:183,0
DA:184,0
DA:185,0
DA:187,0
DA:197,0
DA:198,0
DA:199,0
DA:200,0
DA:201,0
DA:202,0
DA:204,0
LF:37
LH:0
end_of_record
TN:
SF:/mnt/d/jl/openlibm/ld80/e_log2l.c
FN:117,199,log2l
FNDA:0,log2l
FNF:1
FNH:0
BRDA:123,0,0,-
BRDA:123,0,1,-
BRDA:125,0,0,-
BRDA:125,0,1,-
BRDA:128,0,0,-
BRDA:128,0,1,-
BRDA:130,0,0,-
BRDA:130,0,1,-
BRDA:147,0,0,-
BRDA:147,0,1,-
BRDA:147,0,2,-
BRDA:147,0,3,-
BRDA:149,0,0,-
BRDA:149,0,1,-
BRDA:170,0,0,-
BRDA:170,0,1,-
BRF:16
BRH:0
DA:117,0
DA:123,0
DA:124,0
DA:125,0
DA:126,0
DA:128,0
DA:130,0
DA:131,0
DA:133,0
DA:141,0
DA:147,0
DA:149,0
DA:151,0
DA:152,0
DA:153,0
DA:157,0
DA:158,0
DA:159,0
DA:161,0
DA:162,0
DA:163,0
DA:164,0
DA:170,0
DA:172,0
DA:173,0
DA:177,0
DA:179,0
DA:180,0
DA:181,0
DA:183,0
DA:193,0
DA:194,0
DA:195,0
DA:196,0
DA:197,0
DA:198,0
LF:36
LH:0
end_of_record
TN:
SF:/mnt/d/jl/openlibm/ld80/e_logl.c
FN:117,190,logl
FNDA:0,logl
FNF:1
FNH:0
BRDA:122,0,0,-
BRDA:122,0,1,-
BRDA:124,0,0,-
BRDA:124,0,1,-
BRDA:127,0,0,-
BRDA:127,0,1,-
BRDA:129,0,0,-
BRDA:129,0,1,-
BRDA:145,0,0,-
BRDA:145,0,1,-
BRDA:145,0,2,-
BRDA:145,0,3,-
BRDA:147,0,0,-
BRDA:147,0,1,-
BRDA:171,0,0,-
BRDA:171,0,1,-
BRF:16
BRH:0
DA:117,0
DA:122,0
DA:123,0
DA:124,0
DA:125,0
DA:127,0
DA:129,0
DA:130,0
DA:132,0
DA:140,0
DA:145,0
DA:147,0
DA:149,0
DA:150,0
DA:151,0
DA:155,0
DA:156,0
DA:157,0
DA:159,0
DA:160,0
DA:161,0
DA:162,0
DA:163,0
DA:164,0
DA:165,0
DA:171,0
DA:173,0
DA:174,0
DA:178,0
DA:180,0
DA:181,0
DA:182,0
DA:183,0
DA:187,0
DA:188,0
DA:189,0
LF:36
LH:0
end_of_record
TN:
SF:/mnt/d/jl/openlibm/ld80/e_powl.c
FN:205,465,powl
FN:470,478,reducl
FN:519,615,powil
FNDA:0,powl
FNDA:0,reducl
FNDA:0,powil
FNF:3
FNH:0
BRDA:211,0,0,-
BRDA:211,0,1,-
BRDA:214,0,0,-
BRDA:214,0,1,-
BRDA:217,0,0,-
BRDA:217,0,1,-
BRDA:219,0,0,-
BRDA:219,0,1,-
BRDA:222,0,0,-
BRDA:222,0,1,-
BRDA:225,0,0,-
BRDA:225,0,1,-
BRDA:225,0,2,-
BRDA:225,0,3,-
BRDA:228,0,0,-
BRDA:228,0,1,-
BRDA:230,0,0,-
BRDA:230,0,1,-
BRDA:232,0,0,-
BRDA:232,0,1,-
BRDA:232,0,2,-
BRDA:232,0,3,-
BRDA:234,0,0,-
BRDA:234,0,1,-
BRDA:236,0,0,-
BRDA:236,0,1,-
BRDA:236,0,2,-
BRDA:236,0,3,-
BRDA:239,0,0,-
BRDA:239,0,1,-
BRDA:241,0,0,-
BRDA:241,0,1,-
BRDA:243,0,0,-
BRDA:243,0,1,-
BRDA:243,0,2,-
BRDA:243,0,3,-
BRDA:245,0,0,-
BRDA:245,0,1,-
BRDA:247,0,0,-
BRDA:247,0,1,-
BRDA:247,0,2,-
BRDA:247,0,3,-
BRDA:250,0,0,-
BRDA:250,0,1,-
BRDA:252,0,0,-
BRDA:252,0,1,-
BRDA:260,0,0,-
BRDA:260,0,1,-
BRDA:265,0,0,-
BRDA:265,0,1,-
BRDA:270,0,0,-
BRDA:270,0,1,-
BRDA:274,0,0,-
BRDA:274,0,1,-
BRDA:276,0,0,-
BRDA:276,0,1,-
BRDA:278,0,0,-
BRDA:278,0,1,-
BRDA:282,0,0,-
BRDA:282,0,1,-
BRDA:284,0,0,-
BRDA:284,0,1,-
BRDA:292,0,0,-
BRDA:292,0,1,-
BRDA:294,0,0,-
BRDA:294,0,1,-
BRDA:296,0,0,-
BRDA:296,0,1,-
BRDA:298,0,0,-
BRDA:298,0,1,-
BRDA:298,0,2,-
BRDA:298,0,3,-
BRDA:302,0,0,-
BRDA:302,0,1,-
BRDA:304,0,0,-
BRDA:304,0,1,-
BRDA:304,0,2,-
BRDA:304,0,3,-
BRDA:308,0,0,-
BRDA:308,0,1,-
BRDA:315,0,0,-
BRDA:315,0,1,-
BRDA:323,0,0,-
BRDA:323,0,1,-
BRDA:327,0,0,-
BRDA:327,0,1,-
BRDA:327,0,2,-
BRDA:327,0,3,-
BRDA:335,0,0,-
BRDA:335,0,1,-
BRDA:344,0,0,-
BRDA:344,0,1,-
BRDA:346,0,0,-
BRDA:346,0,1,-
BRDA:348,0,0,-
BRDA:348,0,1,-
BRDA:350,0,0,-
BRDA:350,0,1,-
BRDA:352,0,0,-
BRDA:352,0,1,-
BRDA:415,0,0,-
BRDA:415,0,1,-
BRDA:418,0,0,-
BRDA:418,0,1,-
BRDA:424,0,0,-
BRDA:424,0,1,-
BRDA:440,0,0,-
BRDA:440,0,1,-
BRDA:451,0,0,-
BRDA:451,0,1,-
BRDA:460,0,0,-
BRDA:460,0,1,-
BRDA:525,0,0,-
BRDA:525,0,1,-
BRDA:527,0,0,-
BRDA:527,0,1,-
BRDA:529,0,0,-
BRDA:529,0,1,-
BRDA:535,0,0,-
BRDA:535,0,1,-
BRDA:539,0,0,-
BRDA:539,0,1,-
BRDA:548,0,0,-
BRDA:548,0,1,-
BRDA:565,0,0,-
BRDA:565,0,1,-
BRDA:565,0,2,-
BRDA:565,0,3,-
BRDA:565,0,4,-
BRDA:565,0,5,-
BRDA:575,0,0,-
BRDA:575,0,1,-
BRDA:578,0,0,-
BRDA:578,0,1,-
BRDA:584,0,0,-
BRDA:584,0,1,-
BRDA:591,0,0,-
BRDA:591,0,1,-
BRDA:602,0,0,-
BRDA:602,0,1,-
BRDA:605,0,0,-
BRDA:605,0,1,-
BRDA:610,0,0,-
BRDA:610,0,1,-
BRDA:612,0,0,-
BRDA:612,0,1,-
BRF:146
BRH:0
DA:205,0
DA:211,0
DA:212,0
DA:214,0
DA:215,0
DA:217,0
DA:218,0
DA:219,0
DA:220,0
DA:222,0
DA:223,0
DA:225,0
DA:226,0
DA:228,0
DA:230,0
DA:231,0
DA:232,0
DA:233,0
DA:234,0
DA:235,0
DA:236,0
DA:237,0
DA:239,0
DA:241,0
DA:242,0
DA:243,0
DA:244,0
DA:245,0
DA:246,0
DA:247,0
DA:248,0
DA:250,0
DA:252,0
DA:253,0
DA:254,0
DA:257,0
DA:259,0
DA:260,0
DA:261,0
DA:264,0
DA:265,0
DA:267,0
DA:268,0
DA:269,0
DA:270,0
DA:271,0
DA:274,0
DA:276,0
DA:278,0
DA:279,0
DA:280,0
DA:282,0
DA:284,0
DA:285,0
DA:286,0
DA:291,0
DA:292,0
DA:294,0
DA:296,0
DA:298,0
DA:299,0
DA:300,0
DA:302,0
DA:304,0
DA:305,0
DA:306,0
DA:308,0
DA:309,0
DA:311,0
DA:315,0
DA:316,0
DA:317,0
DA:323,0
DA:325,0
DA:326,0
DA:327,0
DA:329,0
DA:330,0
DA:335,0
DA:336,0
DA:339,0
DA:340,0
DA:343,0
DA:344,0
DA:345,0
DA:346,0
DA:347,0
DA:348,0
DA:349,0
DA:350,0
DA:351,0
DA:352,0
DA:353,0
DA:354,0
DA:364,0
DA:365,0
DA:366,0
DA:373,0
DA:374,0
DA:375,0
DA:380,0
DA:381,0
DA:382,0
DA:383,0
DA:386,0
DA:387,0
DA:388,0
DA:396,0
DA:397,0
DA:402,0
DA:403,0
DA:404,0
DA:406,0
DA:407,0
DA:408,0
DA:410,0
DA:411,0
DA:412,0
DA:415,0
DA:416,0
DA:418,0
DA:419,0
DA:421,0
DA:422,0
DA:424,0
DA:426,0
DA:427,0
DA:435,0
DA:440,0
DA:441,0
DA:443,0
DA:444,0
DA:445,0
DA:446,0
DA:447,0
DA:448,0
DA:449,0
DA:451,0
DA:457,0
DA:458,0
DA:459,0
DA:460,0
DA:461,0
DA:464,0
DA:470,0
DA:474,0
DA:475,0
DA:476,0
DA:477,0
DA:519,0
DA:525,0
DA:527,0
DA:528,0
DA:529,0
DA:530,0
DA:532,0
DA:535,0
DA:536,0
DA:539,0
DA:541,0
DA:542,0
DA:545,0
DA:548,0
DA:550,0
DA:551,0
DA:555,0
DA:556,0
DA:562,0
DA:563,0
DA:564,0
DA:565,0
DA:567,0
DA:568,0
DA:572,0
DA:575,0
DA:576,0
DA:578,0
DA:579,0
DA:584,0
DA:586,0
DA:587,0
DA:591,0
DA:592,0
DA:596,0
DA:597,0
DA:600,0
DA:601,0
DA:602,0
DA:604,0
DA:605,0
DA:606,0
DA:607,0
DA:610,0
DA:611,0
DA:612,0
DA:613,0
DA:614,0
LF:197
LH:0
end_of_record
TN:
SF:/mnt/d/jl/openlibm/ld80/e_rem_pio2l.h
FN:77,152,__ieee754_rem_pio2l
FNDA:0,__ieee754_rem_pio2l
FNF:1
FNH:0
BRDA:88,0,0,-
BRDA:88,0,1,-
BRDA:88,0,2,-
BRDA:88,0,3,-
BRDA:88,0,4,-
BRDA:88,0,5,-
BRDA:108,0,0,-
BRDA:108,0,1,-
BRDA:117,0,0,-
BRDA:117,0,1,-
BRDA:132,0,0,-
BRDA:132,0,1,-
BRDA:140,0,0,-
BRDA:140,0,1,-
BRDA:146,0,0,-
BRDA:146,0,1,-
BRDA:150,0,0,-
BRDA:150,0,1,-
BRF:18
BRH:0
DA:77,0
DA:85,0
DA:86,0
DA:87,0
DA:88,0
DA:91,0
DA:92,0
DA:96,0
DA:98,0
DA:99,0
DA:103,0
DA:104,0
DA:105,0
DA:106,0
DA:107,0
DA:108,0
DA:109,0
DA:110,0
DA:111,0
DA:112,0
DA:113,0
DA:114,0
DA:115,0
DA:116,0
DA:117,0
DA:118,0
DA:119,0
DA:120,0
DA:121,0
DA:122,0
DA:126,0
DA:127,0
DA:132,0
DA:133,0
DA:136,0
DA:137,0
DA:138,0
DA:139,0
DA:140,0
DA:141,0
DA:142,0
DA:144,0
DA:145,0
DA:146,0
DA:147,0
DA:148,0
DA:149,0
DA:150,0
DA:151,0
LF:49
LH:0
end_of_record
TN:
SF:/mnt/d/jl/openlibm/ld80/e_sinhl.c
FN:38,76,sinhl
FNDA:0,sinhl
FNF:1
FNH:0
BRDA:48,0,0,-
BRDA:48,0,1,-
BRDA:51,0,0,-
BRDA:51,0,1,-
BRDA:53,0,0,-
BRDA:53,0,1,-
BRDA:53,0,2,-
BRDA:53,0,3,-
BRDA:53,0,4,-
BRDA:53,0,5,-
BRDA:54,0,0,-
BRDA:54,0,1,-
BRDA:55,0,0,-
BRDA:55,0,1,-
BRDA:57,0,0,-
BRDA:57,0,1,-
BRDA:62,0,0,-
BRDA:62,0,1,-
BRDA:62,0,2,-
BRDA:62,0,3,-
BRDA:62,0,4,-
BRDA:62,0,5,-
BRDA:66,0,0,-
BRDA:66,0,1,-
BRDA:66,0,2,-
BRDA:66,0,3,-
BRDA:66,0,4,-
BRDA:66,0,5,-
BRDA:67,0,0,-
BRDA:67,0,1,-
BRDA:68,0,0,-
BRDA:68,0,1,-
BRF:32
BRH:0
DA:38,0
DA:44,0
DA:45,0
DA:48,0
DA:50,0
DA:51,0
DA:53,0
DA:54,0
DA:55,0
DA:56,0
DA:57,0
DA:58,0
DA:62,0
DA:63,0
DA:66,0
DA:67,0
DA:68,0
DA:69,0
DA:70,0
DA:71,0
DA:75,0
LF:21
LH:0
end_of_record
TN:
SF:/mnt/d/jl/openlibm/ld80/e_tgammal.c
FN:187,215,stirf
FN:218,313,tgammal
FNDA:0,stirf
FNDA:0,tgammal
FNF:2
FNH:0
BRDA:193,0,0,-
BRDA:193,0,1,-
BRDA:204,0,0,-
BRDA:204,0,1,-
BRDA:223,0,0,-
BRDA:223,0,1,-
BRDA:225,0,0,-
BRDA:225,0,1,-
BRDA:227,0,0,-
BRDA:227,0,1,-
BRDA:229,0,0,-
BRDA:229,0,1,-
BRDA:233,0,0,-
BRDA:233,0,1,-
BRDA:236,0,0,-
BRDA:236,0,1,-
BRDA:238,0,0,-
BRDA:238,0,1,-
BRDA:241,0,0,-
BRDA:241,0,1,-
BRDA:244,0,0,-
BRDA:244,0,1,-
BRDA:247,0,0,-
BRDA:247,0,1,-
BRDA:254,0,0,-
BRDA:254,0,1,-
BRDA:269,0,0,-
BRDA:269,0,1,-
BRDA:275,0,0,-
BRDA:275,0,1,-
BRDA:281,0,0,-
BRDA:281,0,1,-
BRDA:284,0,0,-
BRDA:284,0,1,-
BRDA:290,0,0,-
BRDA:290,0,1,-
BRDA:300,0,0,-
BRDA:300,0,1,-
BRDA:304,0,0,-
BRDA:304,0,1,-
BRF:40
BRH:0
DA:187,0
DA:191,0
DA:193,0
DA:194,0
DA:195,0
DA:196,0
DA:197,0
DA:198,0
DA:199,0
DA:202,0
DA:203,0
DA:204,0
DA:206,0
DA:207,0
DA:211,0
DA:213,0
DA:214,0
DA:218,0
DA:223,0
DA:224,0
DA:225,0
DA:226,0
DA:227,0
DA:228,0
DA:229,0
DA:230,0
DA:231,0
DA:233,0
DA:235,0
DA:236,0
DA:237,0
DA:238,0
DA:240,0
DA:241,0
DA:242,0
DA:243,0
DA:244,0
DA:245,0
DA:246,0
DA:247,0
DA:249,0
DA:250,0
DA:252,0
DA:253,0
DA:254,0
DA:256,0
DA:257,0
DA:259,0
DA:263,0
DA:265,0
DA:268,0
DA:269,0
DA:271,0
DA:272,0
DA:275,0
DA:277,0
DA:278,0
DA:281,0
DA:282,0
DA:284,0
DA:286,0
DA:287,0
DA:290,0
DA:291,0
DA:293,0
DA:294,0
DA:295,0
DA:296,0
DA:297,0
DA:299,0
DA:300,0
DA:301,0
DA:304,0
DA:306,0
DA:307,0
DA:310,0
DA:312,0
LF:77
LH:0
end_of_record
TN:
SF:/mnt/d/jl/openlibm/ld80/invtrig.h
FN:107,112,T_odd
FN:84,89,P
FN:92,96,Q
FN:99,104,T_even
FNDA:0,T_odd
FNDA:0,P
FNDA:0,Q
FNDA:0,T_even
FNF:4
FNH:0
DA:84,0
DA:87,0
DA:88,0
DA:92,0
DA:95,0
DA:99,0
DA:102,0
DA:103,0
DA:107,0
DA:110,0
DA:111,0
LF:11
LH:0
end_of_record
TN:
SF:/mnt/d/jl/openlibm/ld80/k_cosl.c
FN:69,78,__kernel_cosl
FNDA:0,__kernel_cosl
FNF:1
FNH:0
DA:69,0
DA:73,0
DA:74,0
DA:75,0
DA:76,0
DA:77,0
LF:6
LH:0
end_of_record
TN:
SF:/mnt/d/jl/openlibm/ld80/k_sinl.c
FN:53,62,__kernel_sinl
FNDA:0,__kernel_sinl
FNF:1
FNH:0
BRDA:60,0,0,-
BRDA:60,0,1,-
BRF:2
BRH:0
DA:53,0
DA:57,0
DA:58,0
DA:59,0
DA:60,0
DA:61,0
LF:6
LH:0
end_of_record
TN:
SF:/mnt/d/jl/openlibm/ld80/k_tanl.c
FN:74,125,__kernel_tanl
FNDA:0,__kernel_tanl
FNF:1
FNH:0
BRDA:79,0,0,-
BRDA:79,0,1,-
BRDA:80,0,0,-
BRDA:80,0,1,-
BRDA:81,0,0,-
BRDA:81,0,1,-
BRDA:82,0,0,-
BRDA:82,0,1,-
BRDA:103,0,0,-
BRDA:103,0,1,-
BRDA:108,0,0,-
BRDA:108,0,1,-
BRF:12
BRH:0
DA:74,0
DA:79,0
DA:80,0
DA:81,0
DA:82,0
DA:83,0
DA:84,0
DA:86,0
DA:87,0
DA:88,0
DA:89,0
DA:90,0
DA:92,0
DA:93,0
DA:94,0
DA:95,0
DA:96,0
DA:97,0
DA:98,0
DA:99,0
DA:100,0
DA:101,0
DA:102,0
DA:103,0
DA:104,0
DA:105,0
DA:106,0
DA:108,0
DA:109,0
DA:117,0
DA:118,0
DA:119,0
DA:120,0
DA:121,0
DA:122,0
DA:123,0
LF:36
LH:0
end_of_record
TN:
SF:/mnt/d/jl/openlibm/ld80/s_asinhl.c
FN:34,54,asinhl
FNDA:0,asinhl
FNF:1
FNH:0
BRDA:40,0,0,-
BRDA:40,0,1,-
BRDA:41,0,0,-
BRDA:41,0,1,-
BRDA:42,0,0,-
BRDA:42,0,1,-
BRDA:44,0,0,-
BRDA:44,0,1,-
BRDA:46,0,0,-
BRDA:46,0,1,-
BRDA:53,0,0,-
BRDA:53,0,1,-
BRF:12
BRH:0
DA:34,0
DA:38,0
DA:39,0
DA:40,0
DA:41,0
DA:42,0
DA:44,0
DA:45,0
DA:46,0
DA:47,0
DA:48,0
DA:50,0
DA:51,0
DA:53,0
LF:14
LH:0
end_of_record
TN:
SF:/mnt/d/jl/openlibm/ld80/s_erfl.c
FN:249,326,erfl
FN:329,430,erfcl
FNDA:0,erfl
FNDA:0,erfcl
FNF:2
FNH:0
BRDA:258,0,0,-
BRDA:258,0,1,-
BRDA:265,0,0,-
BRDA:265,0,1,-
BRDA:267,0,0,-
BRDA:267,0,1,-
BRDA:269,0,0,-
BRDA:269,0,1,-
BRDA:281,0,0,-
BRDA:281,0,1,-
BRDA:288,0,0,-
BRDA:288,0,1,-
BRDA:293,0,0,-
BRDA:293,0,1,-
BRDA:295,0,0,-
BRDA:295,0,1,-
BRDA:302,0,0,-
BRDA:302,0,1,-
BRDA:322,0,0,-
BRDA:322,0,1,-
BRDA:337,0,0,-
BRDA:337,0,1,-
BRDA:344,0,0,-
BRDA:344,0,1,-
BRDA:346,0,0,-
BRDA:346,0,1,-
BRDA:354,0,0,-
BRDA:354,0,1,-
BRDA:365,0,0,-
BRDA:365,0,1,-
BRDA:372,0,0,-
BRDA:372,0,1,-
BRDA:383,0,0,-
BRDA:383,0,1,-
BRDA:387,0,0,-
BRDA:387,0,1,-
BRDA:394,0,0,-
BRDA:394,0,1,-
BRDA:403,0,0,-
BRDA:403,0,1,-
BRDA:418,0,0,-
BRDA:418,0,1,-
BRDA:425,0,0,-
BRDA:425,0,1,-
BRF:44
BRH:0
DA:249,0
DA:255,0
DA:256,0
DA:258,0
DA:260,0
DA:261,0
DA:264,0
DA:265,0
DA:267,0
DA:269,0
DA:270,0
DA:271,0
DA:273,0
DA:274,0
DA:275,0
DA:276,0
DA:277,0
DA:278,0
DA:279,0
DA:281,0
DA:283,0
DA:284,0
DA:285,0
DA:286,0
DA:287,0
DA:288,0
DA:289,0
DA:291,0
DA:293,0
DA:295,0
DA:296,0
DA:298,0
DA:300,0
DA:301,0
DA:302,0
DA:304,0
DA:305,0
DA:306,0
DA:307,0
DA:311,0
DA:312,0
DA:313,0
DA:314,0
DA:316,0
DA:317,0
DA:318,0
DA:319,0
DA:320,0
DA:321,0
DA:322,0
DA:323,0
DA:325,0
DA:329,0
DA:335,0
DA:336,0
DA:337,0
DA:340,0
DA:343,0
DA:344,0
DA:346,0
DA:347,0
DA:348,0
DA:349,0
DA:350,0
DA:351,0
DA:352,0
DA:353,0
DA:354,0
DA:356,0
DA:360,0
DA:361,0
DA:362,0
DA:365,0
DA:367,0
DA:368,0
DA:369,0
DA:370,0
DA:371,0
DA:372,0
DA:374,0
DA:375,0
DA:379,0
DA:380,0
DA:383,0
DA:385,0
DA:386,0
DA:387,0
DA:389,0
DA:390,0
DA:391,0
DA:392,0
DA:394,0
DA:396,0
DA:397,0
DA:398,0
DA:399,0
DA:403,0
DA:404,0
DA:406,0
DA:407,0
DA:408,0
DA:409,0
DA:411,0
DA:412,0
DA:413,0
DA:414,0
DA:415,0
DA:416,0
DA:417,0
DA:418,0
DA:419,0
DA:421,0
DA:425,0
DA:426,0
DA:428,0
LF:115
LH:0
end_of_record
TN:
SF:/mnt/d/jl/openlibm/ld80/s_exp2l.c
FN:215,295,exp2l
FNDA:0,exp2l
FNF:1
FNH:0
BRDA:226,0,0,-
BRDA:226,0,1,-
BRDA:227,0,0,-
BRDA:227,0,1,-
BRDA:228,0,0,-
BRDA:228,0,1,-
BRDA:228,0,2,-
BRDA:228,0,3,-
BRDA:233,0,0,-
BRDA:233,0,1,-
BRDA:235,0,0,-
BRDA:235,0,1,-
BRDA:237,0,0,-
BRDA:237,0,1,-
BRDA:272,0,0,-
BRDA:272,0,1,-
BRDA:288,0,0,-
BRDA:288,0,1,-
BRDA:289,0,0,-
BRDA:289,0,1,-
BRF:20
BRH:0
DA:215,0
DA:223,0
DA:224,0
DA:225,0
DA:226,0
DA:227,0
DA:228,0
DA:229,0
DA:231,0
DA:233,0
DA:234,0
DA:235,0
DA:236,0
DA:237,0
DA:238,0
DA:265,0
DA:266,0
DA:267,0
DA:268,0
DA:269,0
DA:270,0
DA:271,0
DA:272,0
DA:273,0
DA:274,0
DA:276,0
DA:277,0
DA:281,0
DA:282,0
DA:284,0
DA:285,0
DA:288,0
DA:289,0
DA:290,0
DA:291,0
DA:293,0
LF:36
LH:0
end_of_record
TN:
SF:/mnt/d/jl/openlibm/ld80/s_expm1l.c
FN:90,138,expm1l
FNDA:0,expm1l
FNF:1
FNH:0
BRDA:96,0,0,-
BRDA:96,0,1,-
BRDA:99,0,0,-
BRDA:99,0,1,-
BRDA:103,0,0,-
BRDA:103,0,1,-
BRF:6
BRH:0
DA:90,0
DA:96,0
DA:97,0
DA:99,0
DA:100,0
DA:103,0
DA:104,0
DA:106,0
DA:109,0
DA:110,0
DA:112,0
DA:113,0
DA:116,0
DA:117,0
DA:118,0
DA:119,0
DA:120,0
DA:122,0
DA:123,0
DA:124,0
DA:125,0
DA:126,0
DA:127,0
DA:129,0
DA:130,0
DA:135,0
DA:136,0
DA:137,0
LF:28
LH:0
end_of_record
TN:
SF:/mnt/d/jl/openlibm/ld80/s_log1pl.c
FN:114,191,log1pl
FNDA:0,log1pl
FNF:1
FNH:0
BRDA:119,0,0,-
BRDA:119,0,1,-
BRDA:121,0,0,-
BRDA:121,0,1,-
BRDA:123,0,0,-
BRDA:123,0,1,-
BRDA:129,0,0,-
BRDA:129,0,1,-
BRDA:131,0,0,-
BRDA:131,0,1,-
BRDA:143,0,0,-
BRDA:143,0,1,-
BRDA:143,0,2,-
BRDA:143,0,3,-
BRDA:145,0,0,-
BRDA:145,0,1,-
BRDA:169,0,0,-
BRDA:169,0,1,-
BRDA:172,0,0,-
BRDA:172,0,1,-
BRDA:179,0,0,-
BRDA:179,0,1,-
BRF:22
BRH:0
DA:114,0
DA:119,0
DA:120,0
DA:121,0
DA:122,0
DA:123,0
DA:124,0
DA:126,0
DA:129,0
DA:131,0
DA:132,0
DA:134,0
DA:139,0
DA:143,0
DA:145,0
DA:147,0
DA:148,0
DA:149,0
DA:153,0
DA:154,0
DA:155,0
DA:157,0
DA:158,0
DA:159,0
DA:160,0
DA:161,0
DA:162,0
DA:163,0
DA:169,0
DA:171,0
DA:172,0
DA:173,0
DA:175,0
DA:179,0
DA:180,0
DA:182,0
DA:184,0
DA:185,0
DA:186,0
DA:187,0
DA:188,0
DA:189,0
DA:190,0
LF:43
LH:0
end_of_record
TN:
SF:/mnt/d/jl/openlibm/ld80/s_nanl.c
FN:34,45,nanl
FNDA:0,nanl
FNF:1
FNH:0
DA:34,0
DA:41,0
DA:42,0
DA:43,0
DA:44,0
LF:5
LH:0
end_of_record
TN:
SF:/mnt/d/jl/openlibm/ld80/s_tanhl.c
FN:44,79,tanhl
FNDA:0,tanhl
FNF:1
FNH:0
BRDA:55,0,0,-
BRDA:55,0,1,-
BRDA:57,0,0,-
BRDA:57,0,1,-
BRDA:62,0,0,-
BRDA:62,0,1,-
BRDA:62,0,2,-
BRDA:62,0,3,-
BRDA:62,0,4,-
BRDA:62,0,5,-
BRDA:63,0,0,-
BRDA:63,0,1,-
BRDA:65,0,0,-
BRDA:65,0,1,-
BRDA:67,0,0,-
BRDA:67,0,1,-
BRDA:78,0,0,-
BRDA:78,0,1,-
BRF:18
BRH:0
DA:44,0
DA:51,0
DA:52,0
DA:55,0
DA:57,0
DA:58,0
DA:62,0
DA:63,0
DA:64,0
DA:65,0
DA:66,0
DA:67,0
DA:68,0
DA:69,0
DA:71,0
DA:72,0
DA:76,0
DA:78,0
LF:18
LH:0
end_of_record
TN:
SF:/mnt/d/jl/openlibm/src/common.c
FN:5,7,isopenlibm
FNDA:0,isopenlibm
FNF:1
FNH:0
DA:5,0
DA:6,0
LF:2
LH:0
end_of_record
TN:
SF:/mnt/d/jl/openlibm/src/e_acos.c
FN:65,107,acos
FNDA:13,acos
FNF:1
FNH:1
BRDA:71,0,0,7
BRDA:71,0,1,6
BRDA:74,0,0,2
BRDA:74,0,1,5
BRDA:75,0,0,1
BRDA:75,0,1,1
BRDA:80,0,0,3
BRDA:80,0,1,3
BRDA:81,0,0,3
BRDA:81,0,1,0
BRDA:87,0,0,1
BRDA:87,0,1,2
BRF:12
BRH:11
DA:65,13
DA:69,13
DA:70,13
DA:71,13
DA:73,7
DA:74,7
DA:75,2
DA:76,1
DA:78,5
DA:80,6
DA:81,3
DA:82,0
DA:83,0
DA:84,0
DA:85,0
DA:86,0
DA:87,3
DA:88,1
DA:89,1
DA:90,1
DA:91,1
DA:92,1
DA:93,1
DA:94,1
DA:96,2
DA:97,2
DA:98,2
DA:99,2
DA:100,2
DA:101,2
DA:102,2
DA:103,2
DA:104,2
DA:105,2
LF:34
LH:29
end_of_record
TN:
SF:/mnt/d/jl/openlibm/src/e_acosf.c
FN:36,78,acosf
FNDA:13,acosf
FNF:1
FNH:1
BRDA:42,0,0,7
BRDA:42,0,1,6
BRDA:43,0,0,2
BRDA:43,0,1,5
BRDA:44,0,0,1
BRDA:44,0,1,1
BRDA:49,0,0,3
BRDA:49,0,1,3
BRDA:50,0,0,3
BRDA:50,0,1,0
BRDA:56,0,0,1
BRDA:56,0,1,2
BRF:12
BRH:11
DA:36,13
DA:40,13
DA:41,13
DA:42,13
DA:43,7
DA:44,2
DA:45,1
DA:47,5
DA:49,6
DA:50,3
DA:51,0
DA:52,0
DA:53,0
DA:54,0
DA:55,0
DA:56,3
DA:57,1
DA:58,1
DA:59,1
DA:60,1
DA:61,1
DA:62,1
DA:63,1
DA:66,2
DA:67,2
DA:68,2
DA:69,2
DA:70,2
DA:71,2
DA:72,2
DA:73,2
DA:74,2
DA:75,2
DA:76,2
LF:34
LH:29
end_of_record
TN:
SF:/mnt/d/jl/openlibm/src/e_acosh.c
FN:42,64,acosh
FNDA:6,acosh
FNF:1
FNH:1
BRDA:48,0,0,2
BRDA:48,0,1,4
BRDA:50,0,0,1
BRDA:50,0,1,3
BRDA:51,0,0,1
BRDA:51,0,1,0
BRDA:55,0,0,1
BRDA:55,0,1,2
BRDA:57,0,0,2
BRDA:57,0,1,0
BRF:10
BRH:8
DA:42,6
DA:47,6
DA:48,6
DA:49,2
DA:50,4
DA:51,1
DA:52,1
DA:54,0
DA:55,3
DA:56,1
DA:57,2
DA:58,2
DA:59,2
DA:61,0
DA:62,0
LF:15
LH:12
end_of_record
TN:
SF:/mnt/d/jl/openlibm/src/e_acoshf.c
FN:28,49,acoshf
FNDA:6,acoshf
FNF:1
FNH:1
BRDA:33,0,0,2
BRDA:33,0,1,4
BRDA:35,0,0,1
BRDA:35,0,1,3
BRDA:36,0,0,1
BRDA:36,0,1,0
BRDA:40,0,0,1
BRDA:40,0,1,2
BRDA:42,0,0,2
BRDA:42,0,1,0
BRF:10
BRH:8
DA:28,6
DA:32,6
DA:33,6
DA:34,2
DA:35,4
DA:36,1
DA:37,1
DA:39,0
DA:40,3
DA:41,1
DA:42,2
DA:43,2
DA:44,2
DA:46,0
DA:47,0
LF:15
LH:12
end_of_record
TN:
SF:/mnt/d/jl/openlibm/src/e_acosl.c
FN:44,87,acosl
FNDA:0,acosl
FNF:1
FNH:0
BRDA:52,0,0,-
BRDA:52,0,1,-
BRDA:53,0,0,-
BRDA:53,0,1,-
BRDA:53,0,2,-
BRDA:53,0,3,-
BRDA:54,0,0,-
BRDA:54,0,1,-
BRDA:59,0,0,-
BRDA:59,0,1,-
BRDA:60,0,0,-
BRDA:60,0,1,-
BRDA:66,0,0,-
BRDA:66,0,1,-
BRF:14
BRH:0
DA:44,0
DA:49,0
DA:50,0
DA:51,0
DA:52,0
DA:53,0
DA:54,0
DA:55,0
DA:57,0
DA:59,0
DA:60,0
DA:61,0
DA:62,0
DA:63,0
DA:64,0
DA:65,0
DA:66,0
DA:67,0
DA:68,0
DA:69,0
DA:70,0
DA:71,0
DA:72,0
DA:73,0
DA:75,0
DA:76,0
DA:77,0
DA:78,0
DA:79,0
DA:80,0
DA:81,0
DA:82,0
DA:83,0
DA:84,0
DA:85,0
LF:35
LH:0
end_of_record
TN:
SF:/mnt/d/jl/openlibm/src/e_asin.c
FN:71,113,asin
FNDA:13,asin
FNF:1
FNH:1
BRDA:77,0,0,7
BRDA:77,0,1,6
BRDA:80,0,0,2
BRDA:80,0,1,5
BRDA:84,0,0,3
BRDA:84,0,1,3
BRDA:85,0,0,3
BRDA:85,0,1,0
BRDA:86,0,0,3
BRDA:86,0,1,0
BRDA:100,0,0,0
BRDA:100,0,1,3
BRDA:112,0,0,2
BRDA:112,0,1,1
BRF:14
BRH:11
DA:71,13
DA:73,13
DA:75,13
DA:76,13
DA:77,13
DA:79,7
DA:80,7
DA:82,2
DA:83,5
DA:84,6
DA:85,3
DA:86,3
DA:88,0
DA:89,0
DA:90,0
DA:91,0
DA:92,0
DA:95,3
DA:96,3
DA:97,3
DA:98,3
DA:99,3
DA:100,3
DA:101,0
DA:102,0
DA:104,3
DA:105,3
DA:106,3
DA:107,3
DA:108,3
DA:109,3
DA:110,3
DA:112,3
LF:33
LH:26
end_of_record
TN:
SF:/mnt/d/jl/openlibm/src/e_asinf.c
FN:36,66,asinf
FNDA:13,asinf
FNF:1
FNH:1
BRDA:43,0,0,7
BRDA:43,0,1,6
BRDA:44,0,0,2
BRDA:44,0,1,5
BRDA:47,0,0,3
BRDA:47,0,1,3
BRDA:48,0,0,3
BRDA:48,0,1,0
BRDA:49,0,0,3
BRDA:49,0,1,0
BRDA:65,0,0,2
BRDA:65,0,1,1
BRF:12
BRH:10
DA:36,13
DA:41,13
DA:42,13
DA:43,13
DA:44,7
DA:45,2
DA:46,5
DA:47,6
DA:48,3
DA:49,3
DA:51,0
DA:52,0
DA:53,0
DA:54,0
DA:55,0
DA:58,3
DA:59,3
DA:60,3
DA:61,3
DA:62,3
DA:63,3
DA:64,3
DA:65,3
LF:23
LH:18
end_of_record
TN:
SF:/mnt/d/jl/openlibm/src/e_asinl.c
FN:34,77,asinl
FNDA:0,asinl
FNF:1
FNH:0
BRDA:42,0,0,-
BRDA:42,0,1,-
BRDA:43,0,0,-
BRDA:43,0,1,-
BRDA:43,0,2,-
BRDA:43,0,3,-
BRDA:47,0,0,-
BRDA:47,0,1,-
BRDA:48,0,0,-
BRDA:48,0,1,-
BRDA:49,0,0,-
BRDA:49,0,1,-
BRDA:63,0,0,-
BRDA:63,0,1,-
BRDA:76,0,0,-
BRDA:76,0,1,-
BRF:16
BRH:0
DA:34,0
DA:37,0
DA:39,0
DA:40,0
DA:41,0
DA:42,0
DA:43,0
DA:45,0
DA:46,0
DA:47,0
DA:48,0
DA:49,0
DA:51,0
DA:52,0
DA:53,0
DA:54,0
DA:55,0
DA:58,0
DA:59,0
DA:60,0
DA:61,0
DA:62,0
DA:63,0
DA:64,0
DA:65,0
DA:67,0
DA:68,0
DA:69,0
DA:70,0
DA:71,0
DA:72,0
DA:73,0
DA:74,0
DA:76,0
LF:34
LH:0
end_of_record
TN:
SF:/mnt/d/jl/openlibm/src/e_atan2.c
FN:61,125,atan2
FNDA:30,atan2
FNF:1
FNH:1
BRDA:71,0,0,29
BRDA:71,0,1,1
BRDA:72,0,0,0
BRDA:72,0,1,29
BRDA:74,0,0,6
BRDA:74,0,1,23
BRDA:74,0,2,6
BRDA:74,0,3,0
BRDA:78,0,0,6
BRDA:78,0,1,17
BRDA:79,0,0,2
BRDA:79,0,1,2
BRDA:79,0,2,2
BRDA:79,0,3,0
BRDA:87,0,0,4
BRDA:87,0,1,13
BRDA:87,0,2,2
BRDA:87,0,3,2
BRDA:90,0,0,8
BRDA:90,0,1,5
BRDA:91,0,0,4
BRDA:91,0,1,4
BRDA:92,0,0,1
BRDA:92,0,1,1
BRDA:92,0,2,1
BRDA:92,0,3,1
BRDA:92,0,4,0
BRDA:99,0,0,1
BRDA:99,0,1,1
BRDA:99,0,2,1
BRDA:99,0,3,1
BRDA:99,0,4,0
BRDA:108,0,0,1
BRDA:108,0,1,4
BRDA:108,0,2,0
BRDA:108,0,3,1
BRDA:112,0,0,0
BRDA:112,0,1,4
BRDA:116,0,0,3
BRDA:116,0,1,1
BRDA:116,0,2,0
BRDA:116,0,3,3
BRDA:118,0,0,1
BRDA:118,0,1,0
BRDA:118,0,2,2
BRDA:118,0,3,1
BRF:46
BRH:37
DA:61,30
DA:67,30
DA:68,30
DA:69,30
DA:70,30
DA:71,30
DA:72,29
DA:73,1
DA:74,29
DA:75,23
DA:78,23
DA:79,6
DA:80,2
DA:81,2
DA:82,2
DA:83,2
DA:87,17
DA:90,13
DA:91,8
DA:92,4
DA:93,1
DA:94,1
DA:95,1
DA:96,1
DA:99,4
DA:100,1
DA:101,1
DA:102,1
DA:103,1
DA:108,5
DA:111,4
DA:112,4
DA:113,0
DA:114,0
DA:116,4
DA:117,4
DA:118,4
DA:119,1
DA:120,0
DA:121,2
DA:122,1
DA:123,1
LF:42
LH:39
end_of_record
TN:
SF:/mnt/d/jl/openlibm/src/e_atan2f.c
FN:34,97,atan2f
FNDA:30,atan2f
FNF:1
FNH:1
BRDA:43,0,0,29
BRDA:43,0,1,1
BRDA:43,0,2,0
BRDA:43,0,3,29
BRDA:46,0,0,6
BRDA:46,0,1,23
BRDA:50,0,0,6
BRDA:50,0,1,17
BRDA:51,0,0,2
BRDA:51,0,1,2
BRDA:51,0,2,2
BRDA:51,0,3,0
BRDA:59,0,0,4
BRDA:59,0,1,13
BRDA:59,0,2,2
BRDA:59,0,3,2
BRDA:62,0,0,8
BRDA:62,0,1,5
BRDA:63,0,0,4
BRDA:63,0,1,4
BRDA:64,0,0,1
BRDA:64,0,1,1
BRDA:64,0,2,1
BRDA:64,0,3,1
BRDA:64,0,4,0
BRDA:71,0,0,1
BRDA:71,0,1,1
BRDA:71,0,2,1
BRDA:71,0,3,1
BRDA:71,0,4,0
BRDA:80,0,0,1
BRDA:80,0,1,4
BRDA:80,0,2,0
BRDA:80,0,3,1
BRDA:84,0,0,0
BRDA:84,0,1,4
BRDA:88,0,0,0
BRDA:88,0,1,4
BRDA:88,0,2,0
BRDA:88,0,3,0
BRDA:90,0,0,1
BRDA:90,0,1,0
BRDA:90,0,2,2
BRDA:90,0,3,1
BRF:44
BRH:34
DA:34,30
DA:39,30
DA:40,30
DA:41,30
DA:42,30
DA:43,30
DA:45,1
DA:46,29
DA:47,23
DA:50,23
DA:51,6
DA:52,2
DA:53,2
DA:54,2
DA:55,2
DA:59,17
DA:62,13
DA:63,8
DA:64,4
DA:65,1
DA:66,1
DA:67,1
DA:68,1
DA:71,4
DA:72,1
DA:73,1
DA:74,1
DA:75,1
DA:80,5
DA:83,4
DA:84,4
DA:85,0
DA:86,0
DA:88,4
DA:89,4
DA:90,4
DA:91,1
DA:92,0
DA:93,2
DA:94,1
DA:95,1
LF:41
LH:38
end_of_record
TN:
SF:/mnt/d/jl/openlibm/src/e_atan2l.c
FN:47,120,atan2l
FNDA:0,atan2l
FNF:1
FNH:0
BRDA:61,0,0,-
BRDA:61,0,1,-
BRDA:62,0,0,-
BRDA:62,0,1,-
BRDA:62,0,2,-
BRDA:62,0,3,-
BRDA:64,0,0,-
BRDA:64,0,1,-
BRDA:66,0,0,-
BRDA:66,0,1,-
BRDA:66,0,2,-
BRDA:66,0,3,-
BRDA:71,0,0,-
BRDA:71,0,1,-
BRDA:71,0,2,-
BRDA:71,0,3,-
BRDA:72,0,0,-
BRDA:72,0,1,-
BRDA:72,0,2,-
BRDA:72,0,3,-
BRDA:80,0,0,-
BRDA:80,0,1,-
BRDA:80,0,2,-
BRDA:80,0,3,-
BRDA:81,0,0,-
BRDA:81,0,1,-
BRDA:84,0,0,-
BRDA:84,0,1,-
BRDA:85,0,0,-
BRDA:85,0,1,-
BRDA:86,0,0,-
BRDA:86,0,1,-
BRDA:86,0,2,-
BRDA:86,0,3,-
BRDA:86,0,4,-
BRDA:93,0,0,-
BRDA:93,0,1,-
BRDA:93,0,2,-
BRDA:93,0,3,-
BRDA:93,0,4,-
BRDA:102,0,0,-
BRDA:102,0,1,-
BRDA:103,0,0,-
BRDA:103,0,1,-
BRDA:107,0,0,-
BRDA:107,0,1,-
BRDA:111,0,0,-
BRDA:111,0,1,-
BRDA:111,0,2,-
BRDA:111,0,3,-
BRDA:113,0,0,-
BRDA:113,0,1,-
BRDA:113,0,2,-
BRDA:113,0,3,-
BRF:54
BRH:0
DA:47,0
DA:54,0
DA:55,0
DA:56,0
DA:57,0
DA:58,0
DA:59,0
DA:61,0
DA:62,0
DA:63,0
DA:64,0
DA:65,0
DA:66,0
DA:67,0
DA:68,0
DA:71,0
DA:72,0
DA:73,0
DA:74,0
DA:75,0
DA:76,0
DA:80,0
DA:81,0
DA:84,0
DA:85,0
DA:86,0
DA:87,0
DA:88,0
DA:89,0
DA:90,0
DA:93,0
DA:94,0
DA:95,0
DA:96,0
DA:97,0
DA:102,0
DA:103,0
DA:106,0
DA:107,0
DA:108,0
DA:109,0
DA:111,0
DA:112,0
DA:113,0
DA:114,0
DA:115,0
DA:116,0
DA:117,0
DA:118,0
LF:49
LH:0
end_of_record
TN:
SF:/mnt/d/jl/openlibm/src/e_atanh.c
FN:45,64,atanh
FNDA:9,atanh
FNF:1
FNH:1
BRDA:52,0,0,3
BRDA:52,0,1,6
BRDA:54,0,0,2
BRDA:54,0,1,4
BRDA:56,0,0,2
BRDA:56,0,1,2
BRDA:56,0,2,2
BRDA:56,0,3,0
BRDA:58,0,0,0
BRDA:58,0,1,2
BRDA:63,0,0,2
BRDA:63,0,1,0
BRF:12
BRH:9
DA:45,9
DA:50,9
DA:51,9
DA:52,9
DA:53,3
DA:54,6
DA:55,2
DA:56,4
DA:57,2
DA:58,2
DA:59,0
DA:60,0
DA:62,2
DA:63,2
LF:14
LH:12
end_of_record
TN:
SF:/mnt/d/jl/openlibm/src/e_atanhf.c
FN:28,46,atanhf
FNDA:9,atanhf
FNF:1
FNH:1
BRDA:34,0,0,3
BRDA:34,0,1,6
BRDA:36,0,0,2
BRDA:36,0,1,4
BRDA:38,0,0,2
BRDA:38,0,1,2
BRDA:38,0,2,2
BRDA:38,0,3,0
BRDA:40,0,0,0
BRDA:40,0,1,2
BRDA:45,0,0,2
BRDA:45,0,1,0
BRF:12
BRH:9
DA:28,9
DA:32,9
DA:33,9
DA:34,9
DA:35,3
DA:36,6
DA:37,2
DA:38,4
DA:39,2
DA:40,2
DA:41,0
DA:42,0
DA:44,2
DA:45,2
LF:14
LH:12
end_of_record
TN:
SF:/mnt/d/jl/openlibm/src/e_cosh.c
FN:46,81,cosh
FNDA:7,cosh
FNF:1
FNH:1
BRDA:56,0,0,3
BRDA:56,0,1,4
BRDA:59,0,0,2
BRDA:59,0,1,2
BRDA:62,0,0,2
BRDA:62,0,1,0
BRDA:67,0,0,2
BRDA:67,0,1,0
BRDA:73,0,0,-
BRDA:73,0,1,-
BRDA:76,0,0,-
BRDA:76,0,1,-
BRF:12
BRH:6
DA:46,7
DA:52,7
DA:53,7
DA:56,7
DA:59,4
DA:60,2
DA:61,2
DA:62,2
DA:63,0
DA:67,2
DA:68,2
DA:69,2
DA:73,0
DA:76,0
DA:77,0
DA:80,0
LF:16
LH:11
end_of_record
TN:
SF:/mnt/d/jl/openlibm/src/e_coshf.c
FN:26,60,coshf
FNDA:7,coshf
FNF:1
FNH:1
BRDA:35,0,0,3
BRDA:35,0,1,4
BRDA:38,0,0,2
BRDA:38,0,1,2
BRDA:41,0,0,2
BRDA:41,0,1,0
BRDA:46,0,0,2
BRDA:46,0,1,0
BRDA:52,0,0,-
BRDA:52,0,1,-
BRDA:55,0,0,-
BRDA:55,0,1,-
BRF:12
BRH:6
DA:26,7
DA:31,7
DA:32,7
DA:35,7
DA:38,4
DA:39,2
DA:40,2
DA:41,2
DA:42,0
DA:46,2
DA:47,2
DA:48,2
DA:52,0
DA:55,0
DA:56,0
DA:59,0
LF:16
LH:11
end_of_record
TN:
SF:/mnt/d/jl/openlibm/src/e_exp.c
FN:105,167,exp
FNDA:23,exp
FNF:1
FNH:1
BRDA:116,0,0,3
BRDA:116,0,1,20
BRDA:117,0,0,3
BRDA:117,0,1,0
BRDA:120,0,0,1
BRDA:120,0,1,2
BRDA:122,0,0,1
BRDA:122,0,1,1
BRDA:124,0,0,-
BRDA:124,0,1,-
BRDA:125,0,0,-
BRDA:125,0,1,-
BRDA:132,0,0,1
BRDA:132,0,1,19
BRDA:136,0,0,11
BRDA:136,0,1,8
BRDA:137,0,0,3
BRDA:137,0,1,8
BRDA:147,0,0,3
BRDA:147,0,1,5
BRDA:148,0,0,3
BRDA:148,0,1,0
BRDA:154,0,0,16
BRDA:154,0,1,0
BRDA:159,0,0,5
BRDA:159,0,1,11
BRDA:161,0,0,11
BRDA:161,0,1,0
BRDA:162,0,0,0
BRDA:162,0,1,11
BRF:30
BRH:21
DA:105,23
DA:107,23
DA:108,23
DA:111,23
DA:112,23
DA:113,23
DA:116,23
DA:117,3
DA:119,3
DA:120,3
DA:121,1
DA:122,2
DA:124,0
DA:125,0
DA:132,20
DA:133,1
DA:136,19
DA:137,11
DA:138,3
DA:140,8
DA:141,8
DA:142,8
DA:143,8
DA:145,11
DA:147,8
DA:148,3
DA:150,5
DA:153,16
DA:154,16
DA:155,16
DA:157,0
DA:158,16
DA:159,16
DA:160,11
DA:161,11
DA:162,11
DA:163,11
DA:165,0
LF:38
LH:34
end_of_record
TN:
SF:/mnt/d/jl/openlibm/src/e_expf.c
FN:45,97,expf
FNDA:21,expf
FNF:1
FNH:1
BRDA:56,0,0,3
BRDA:56,0,1,18
BRDA:57,0,0,1
BRDA:57,0,1,2
BRDA:59,0,0,2
BRDA:59,0,1,0
BRDA:60,0,0,1
BRDA:60,0,1,1
BRDA:61,0,0,-
BRDA:61,0,1,-
BRDA:62,0,0,-
BRDA:62,0,1,-
BRDA:66,0,0,11
BRDA:66,0,1,7
BRDA:67,0,0,4
BRDA:67,0,1,7
BRDA:77,0,0,3
BRDA:77,0,1,4
BRDA:78,0,0,3
BRDA:78,0,1,0
BRDA:84,0,0,15
BRDA:84,0,1,0
BRDA:89,0,0,4
BRDA:89,0,1,11
BRDA:91,0,0,11
BRDA:91,0,1,0
BRDA:92,0,0,0
BRDA:92,0,1,11
BRF:28
BRH:19
DA:45,21
DA:47,21
DA:48,21
DA:51,21
DA:52,21
DA:53,21
DA:56,21
DA:57,3
DA:58,1
DA:59,2
DA:60,2
DA:61,0
DA:62,0
DA:66,18
DA:67,11
DA:68,4
DA:70,7
DA:71,7
DA:72,7
DA:73,7
DA:75,11
DA:77,7
DA:78,3
DA:80,4
DA:83,15
DA:84,15
DA:85,15
DA:87,0
DA:88,15
DA:89,15
DA:90,11
DA:91,11
DA:92,11
DA:93,11
DA:95,0
LF:35
LH:31
end_of_record
TN:
SF:/mnt/d/jl/openlibm/src/e_hypot.c
FN:55,127,hypot
FNDA:20,hypot
FNF:1
FNH:1
BRDA:64,0,0,8
BRDA:64,0,1,12
BRDA:67,0,0,5
BRDA:67,0,1,15
BRDA:69,0,0,5
BRDA:69,0,1,10
BRDA:70,0,0,5
BRDA:70,0,1,0
BRDA:75,0,0,0
BRDA:75,0,1,5
BRDA:77,0,0,4
BRDA:77,0,1,1
BRDA:85,0,0,0
BRDA:85,0,1,10
BRDA:86,0,0,-
BRDA:86,0,1,-
BRDA:89,0,0,-
BRDA:89,0,1,-
BRDA:105,0,0,9
BRDA:105,0,1,1
BRDA:120,0,0,0
BRDA:120,0,1,10
BRF:22
BRH:14
DA:55,20
DA:60,20
DA:61,20
DA:62,20
DA:63,20
DA:64,20
DA:65,20
DA:66,20
DA:67,20
DA:68,15
DA:69,15
DA:70,5
DA:73,5
DA:74,5
DA:75,5
DA:76,5
DA:77,5
DA:78,5
DA:81,0
DA:82,0
DA:83,0
DA:85,10
DA:86,0
DA:88,0
DA:89,0
DA:90,0
DA:91,0
DA:92,0
DA:93,0
DA:94,0
DA:96,0
DA:97,0
DA:98,0
DA:99,0
DA:100,0
DA:104,10
DA:105,10
DA:106,9
DA:107,9
DA:108,9
DA:109,9
DA:111,1
DA:112,1
DA:113,1
DA:114,1
DA:115,1
DA:116,1
DA:117,1
DA:118,1
DA:120,10
DA:122,0
DA:123,0
DA:124,0
DA:125,0
DA:126,10
LF:55
LH:35
end_of_record
TN:
SF:/mnt/d/jl/openlibm/src/e_hypotf.c
FN:24,84,hypotf
FNDA:20,hypotf
FNF:1
FNH:1
BRDA:33,0,0,8
BRDA:33,0,1,12
BRDA:36,0,0,5
BRDA:36,0,1,15
BRDA:38,0,0,5
BRDA:38,0,1,10
BRDA:39,0,0,5
BRDA:39,0,1,0
BRDA:42,0,0,0
BRDA:42,0,1,5
BRDA:43,0,0,4
BRDA:43,0,1,1
BRDA:51,0,0,0
BRDA:51,0,1,10
BRDA:52,0,0,-
BRDA:52,0,1,-
BRDA:53,0,0,-
BRDA:53,0,1,-
BRDA:68,0,0,9
BRDA:68,0,1,1
BRDA:80,0,0,0
BRDA:80,0,1,10
BRF:22
BRH:14
DA:24,20
DA:29,20
DA:30,20
DA:31,20
DA:32,20
DA:33,20
DA:34,20
DA:35,20
DA:36,20
DA:37,15
DA:38,15
DA:39,5
DA:41,5
DA:42,5
DA:43,5
DA:44,5
DA:47,0
DA:48,0
DA:49,0
DA:51,10
DA:52,0
DA:53,0
DA:54,0
DA:55,0
DA:56,0
DA:57,0
DA:59,0
DA:60,0
DA:61,0
DA:62,0
DA:63,0
DA:67,10
DA:68,10
DA:69,9
DA:70,9
DA:71,9
DA:73,1
DA:74,1
DA:75,1
DA:76,1
DA:77,1
DA:78,1
DA:80,10
DA:81,0
DA:82,0
DA:83,10
LF:46
LH:30
end_of_record
TN:
SF:/mnt/d/jl/openlibm/src/e_hypotl.c
FN:49,124,hypotl
FNDA:0,hypotl
FNF:1
FNH:0
BRDA:58,0,0,-
BRDA:58,0,1,-
BRDA:61,0,0,-
BRDA:61,0,1,-
BRDA:63,0,0,-
BRDA:63,0,1,-
BRDA:64,0,0,-
BRDA:64,0,1,-
BRDA:69,0,0,-
BRDA:69,0,1,-
BRDA:69,0,2,-
BRDA:69,0,3,-
BRDA:71,0,0,-
BRDA:71,0,1,-
BRDA:71,0,2,-
BRDA:71,0,3,-
BRDA:71,0,4,-
BRDA:71,0,5,-
BRDA:80,0,0,-
BRDA:80,0,1,-
BRDA:81,0,0,-
BRDA:81,0,1,-
BRDA:84,0,0,-
BRDA:84,0,1,-
BRDA:100,0,0,-
BRDA:100,0,1,-
BRDA:117,0,0,-
BRDA:117,0,1,-
BRF:28
BRH:0
DA:49,0
DA:51,0
DA:54,0
DA:55,0
DA:56,0
DA:57,0
DA:58,0
DA:59,0
DA:60,0
DA:61,0
DA:62,0
DA:63,0
DA:64,0
DA:67,0
DA:68,0
DA:69,0
DA:70,0
DA:71,0
DA:72,0
DA:75,0
DA:76,0
DA:77,0
DA:78,0
DA:80,0
DA:81,0
DA:83,0
DA:84,0
DA:85,0
DA:86,0
DA:87,0
DA:88,0
DA:89,0
DA:91,0
DA:92,0
DA:93,0
DA:94,0
DA:95,0
DA:99,0
DA:100,0
DA:101,0
DA:103,0
DA:104,0
DA:105,0
DA:107,0
DA:108,0
DA:110,0
DA:111,0
DA:112,0
DA:113,0
DA:114,0
DA:115,0
DA:117,0
DA:119,0
DA:120,0
DA:121,0
DA:122,0
DA:123,0
LF:57
LH:0
end_of_record
TN:
SF:/mnt/d/jl/openlibm/src/e_j0.c
FN:149,199,y0
FN:275,291,pzero
FN:372,388,qzero
FN:88,133,j0
FNDA:30,y0
FNDA:20,pzero
FNDA:20,qzero
FNDA:49,j0
FNF:4
FNH:4
BRDA:95,0,0,3
BRDA:95,0,1,46
BRDA:97,0,0,10
BRDA:97,0,1,36
BRDA:102,0,0,10
BRDA:102,0,1,0
BRDA:104,0,0,6
BRDA:104,0,1,4
BRDA:111,0,0,0
BRDA:111,0,1,10
BRDA:118,0,0,3
BRDA:118,0,1,33
BRDA:119,0,0,3
BRDA:119,0,1,0
BRDA:120,0,0,3
BRDA:120,0,1,0
BRDA:127,0,0,16
BRDA:127,0,1,17
BRDA:157,0,0,3
BRDA:157,0,1,27
BRDA:158,0,0,1
BRDA:158,0,1,26
BRDA:159,0,0,1
BRDA:159,0,1,25
BRDA:160,0,0,10
BRDA:160,0,1,15
BRDA:180,0,0,10
BRDA:180,0,1,0
BRDA:182,0,0,6
BRDA:182,0,1,4
BRDA:185,0,0,0
BRDA:185,0,1,10
BRDA:192,0,0,0
BRDA:192,0,1,15
BRDA:282,0,0,20
BRDA:282,0,1,0
BRDA:282,0,2,0
BRDA:282,0,3,20
BRDA:283,0,0,12
BRDA:283,0,1,8
BRDA:284,0,0,0
BRDA:284,0,1,8
BRDA:285,0,0,0
BRDA:285,0,1,8
BRDA:379,0,0,20
BRDA:379,0,1,0
BRDA:379,0,2,0
BRDA:379,0,3,20
BRDA:380,0,0,12
BRDA:380,0,1,8
BRDA:381,0,0,0
BRDA:381,0,1,8
BRDA:382,0,0,0
BRDA:382,0,1,8
BRF:54
BRH:39
DA:88,49
DA:93,49
DA:94,49
DA:95,49
DA:96,46
DA:97,46
DA:98,10
DA:99,10
DA:100,10
DA:101,10
DA:102,10
DA:103,10
DA:104,10
DA:105,4
DA:111,10
DA:113,10
DA:114,10
DA:116,10
DA:118,36
DA:119,3
DA:120,3
DA:121,0
DA:124,33
DA:125,33
DA:126,33
DA:127,33
DA:128,16
DA:130,17
DA:131,17
DA:149,30
DA:154,30
DA:155,30
DA:157,30
DA:158,27
DA:159,26
DA:160,25
DA:172,10
DA:173,10
DA:174,10
DA:175,10
DA:180,10
DA:181,10
DA:182,10
DA:183,4
DA:185,10
DA:187,10
DA:188,10
DA:190,10
DA:192,15
DA:193,0
DA:195,15
DA:196,15
DA:197,15
DA:198,15
DA:275,20
DA:280,20
DA:281,20
DA:282,20
DA:283,20
DA:284,8
DA:285,8
DA:286,8
DA:287,20
DA:288,20
DA:289,20
DA:290,20
DA:372,20
DA:377,20
DA:378,20
DA:379,20
DA:380,20
DA:381,8
DA:382,8
DA:383,8
DA:384,20
DA:385,20
DA:386,20
DA:387,20
LF:78
LH:76
end_of_record
TN:
SF:/mnt/d/jl/openlibm/src/e_j0f.c
FN:103,153,y0f
FN:227,242,pzerof
FN:322,337,qzerof
FN:42,87,j0f
FNDA:30,y0f
FNDA:20,pzerof
FNDA:20,qzerof
FNDA:49,j0f
FNF:4
FNH:4
BRDA:49,0,0,3
BRDA:49,0,1,46
BRDA:51,0,0,10
BRDA:51,0,1,36
BRDA:56,0,0,10
BRDA:56,0,1,0
BRDA:58,0,0,6
BRDA:58,0,1,4
BRDA:65,0,0,0
BRDA:65,0,1,10
BRDA:72,0,0,3
BRDA:72,0,1,33
BRDA:73,0,0,3
BRDA:73,0,1,0
BRDA:74,0,0,3
BRDA:74,0,1,0
BRDA:81,0,0,16
BRDA:81,0,1,17
BRDA:111,0,0,3
BRDA:111,0,1,27
BRDA:112,0,0,1
BRDA:112,0,1,26
BRDA:113,0,0,1
BRDA:113,0,1,25
BRDA:114,0,0,10
BRDA:114,0,1,15
BRDA:134,0,0,10
BRDA:134,0,1,0
BRDA:136,0,0,6
BRDA:136,0,1,4
BRDA:139,0,0,0
BRDA:139,0,1,10
BRDA:146,0,0,0
BRDA:146,0,1,15
BRDA:234,0,0,12
BRDA:234,0,1,8
BRDA:235,0,0,0
BRDA:235,0,1,8
BRDA:236,0,0,0
BRDA:236,0,1,8
BRDA:329,0,0,12
BRDA:329,0,1,8
BRDA:330,0,0,0
BRDA:330,0,1,8
BRDA:331,0,0,0
BRDA:331,0,1,8
BRF:46
BRH:35
DA:42,49
DA:47,49
DA:48,49
DA:49,49
DA:50,46
DA:51,46
DA:52,10
DA:53,10
DA:54,10
DA:55,10
DA:56,10
DA:57,10
DA:58,10
DA:59,4
DA:65,10
DA:67,10
DA:68,10
DA:70,10
DA:72,36
DA:73,3
DA:74,3
DA:75,0
DA:78,33
DA:79,33
DA:80,33
DA:81,33
DA:82,16
DA:84,17
DA:85,17
DA:103,30
DA:108,30
DA:109,30
DA:111,30
DA:112,27
DA:113,26
DA:114,25
DA:126,10
DA:127,10
DA:128,10
DA:129,10
DA:134,10
DA:135,10
DA:136,10
DA:137,4
DA:139,10
DA:141,10
DA:142,10
DA:144,10
DA:146,15
DA:147,0
DA:149,15
DA:150,15
DA:151,15
DA:152,15
DA:227,20
DA:232,20
DA:233,20
DA:234,20
DA:235,8
DA:236,8
DA:237,8
DA:238,20
DA:239,20
DA:240,20
DA:241,20
DA:322,20
DA:327,20
DA:328,20
DA:329,20
DA:330,8
DA:331,8
DA:332,8
DA:333,20
DA:334,20
DA:335,20
DA:336,20
LF:76
LH:74
end_of_record
TN:
SF:/mnt/d/jl/openlibm/src/e_j1.c
FN:146,192,y1
FN:269,285,pone
FN:367,383,qone
FN:89,128,j1
FNDA:31,y1
FNDA:20,pone
FNDA:20,qone
FNDA:51,j1
FNF:4
FNH:4
BRDA:96,0,0,3
BRDA:96,0,1,48
BRDA:98,0,0,10
BRDA:98,0,1,38
BRDA:103,0,0,10
BRDA:103,0,1,0
BRDA:105,0,0,4
BRDA:105,0,1,6
BRDA:112,0,0,0
BRDA:112,0,1,10
BRDA:117,0,0,0
BRDA:117,0,1,10
BRDA:120,0,0,3
BRDA:120,0,1,35
BRDA:121,0,0,3
BRDA:121,0,1,0
BRDA:154,0,0,3
BRDA:154,0,1,28
BRDA:155,0,0,1
BRDA:155,0,1,27
BRDA:156,0,0,1
BRDA:156,0,1,26
BRDA:157,0,0,10
BRDA:157,0,1,16
BRDA:162,0,0,10
BRDA:162,0,1,0
BRDA:164,0,0,4
BRDA:164,0,1,6
BRDA:178,0,0,0
BRDA:178,0,1,10
BRDA:185,0,0,0
BRDA:185,0,1,16
BRDA:276,0,0,20
BRDA:276,0,1,0
BRDA:276,0,2,0
BRDA:276,0,3,20
BRDA:277,0,0,12
BRDA:277,0,1,8
BRDA:278,0,0,0
BRDA:278,0,1,8
BRDA:279,0,0,0
BRDA:279,0,1,8
BRDA:374,0,0,20
BRDA:374,0,1,0
BRDA:374,0,2,0
BRDA:374,0,3,20
BRDA:375,0,0,12
BRDA:375,0,1,8
BRDA:376,0,0,0
BRDA:376,0,1,8
BRDA:377,0,0,0
BRDA:377,0,1,8
BRF:52
BRH:37
DA:89,51
DA:94,51
DA:95,51
DA:96,51
DA:97,48
DA:98,48
DA:99,10
DA:100,10
DA:101,10
DA:102,10
DA:103,10
DA:104,10
DA:105,10
DA:106,6
DA:112,10
DA:114,10
DA:115,10
DA:117,10
DA:118,10
DA:120,38
DA:121,3
DA:123,35
DA:124,35
DA:125,35
DA:126,35
DA:127,35
DA:146,31
DA:151,31
DA:152,31
DA:154,31
DA:155,28
DA:156,27
DA:157,26
DA:158,10
DA:159,10
DA:160,10
DA:161,10
DA:162,10
DA:163,10
DA:164,10
DA:165,6
DA:178,10
DA:180,10
DA:181,10
DA:183,10
DA:185,16
DA:186,0
DA:188,16
DA:189,16
DA:190,16
DA:191,16
DA:269,20
DA:274,20
DA:275,20
DA:276,20
DA:277,20
DA:278,8
DA:279,8
DA:280,8
DA:281,20
DA:282,20
DA:283,20
DA:284,20
DA:367,20
DA:372,20
DA:373,20
DA:374,20
DA:375,20
DA:376,8
DA:377,8
DA:378,8
DA:379,20
DA:380,20
DA:381,20
DA:382,20
LF:75
LH:74
end_of_record
TN:
SF:/mnt/d/jl/openlibm/src/e_j1f.c
FN:221,236,ponef
FN:317,332,qonef
FN:42,81,j1f
FN:99,145,y1f
FNDA:20,ponef
FNDA:20,qonef
FNDA:51,j1f
FNDA:31,y1f
FNF:4
FNH:4
BRDA:49,0,0,3
BRDA:49,0,1,48
BRDA:51,0,0,10
BRDA:51,0,1,38
BRDA:56,0,0,10
BRDA:56,0,1,0
BRDA:58,0,0,4
BRDA:58,0,1,6
BRDA:65,0,0,0
BRDA:65,0,1,10
BRDA:70,0,0,0
BRDA:70,0,1,10
BRDA:73,0,0,3
BRDA:73,0,1,35
BRDA:74,0,0,3
BRDA:74,0,1,0
BRDA:107,0,0,3
BRDA:107,0,1,28
BRDA:108,0,0,1
BRDA:108,0,1,27
BRDA:109,0,0,1
BRDA:109,0,1,26
BRDA:110,0,0,10
BRDA:110,0,1,16
BRDA:115,0,0,10
BRDA:115,0,1,0
BRDA:117,0,0,4
BRDA:117,0,1,6
BRDA:131,0,0,0
BRDA:131,0,1,10
BRDA:138,0,0,0
BRDA:138,0,1,16
BRDA:228,0,0,12
BRDA:228,0,1,8
BRDA:229,0,0,0
BRDA:229,0,1,8
BRDA:230,0,0,0
BRDA:230,0,1,8
BRDA:324,0,0,12
BRDA:324,0,1,8
BRDA:325,0,0,0
BRDA:325,0,1,8
BRDA:326,0,0,0
BRDA:326,0,1,8
BRF:44
BRH:33
DA:42,51
DA:47,51
DA:48,51
DA:49,51
DA:50,48
DA:51,48
DA:52,10
DA:53,10
DA:54,10
DA:55,10
DA:56,10
DA:57,10
DA:58,10
DA:59,6
DA:65,10
DA:67,10
DA:68,10
DA:70,10
DA:71,10
DA:73,38
DA:74,3
DA:76,35
DA:77,35
DA:78,35
DA:79,35
DA:80,35
DA:99,31
DA:104,31
DA:105,31
DA:107,31
DA:108,28
DA:109,27
DA:110,26
DA:111,10
DA:112,10
DA:113,10
DA:114,10
DA:115,10
DA:116,10
DA:117,10
DA:118,6
DA:131,10
DA:133,10
DA:134,10
DA:136,10
DA:138,16
DA:139,0
DA:141,16
DA:142,16
DA:143,16
DA:144,16
DA:221,20
DA:226,20
DA:227,20
DA:228,20
DA:229,8
DA:230,8
DA:231,8
DA:232,20
DA:233,20
DA:234,20
DA:235,20
DA:317,20
DA:322,20
DA:323,20
DA:324,20
DA:325,8
DA:326,8
DA:327,8
DA:328,20
DA:329,20
DA:330,20
DA:331,20
LF:73
LH:72
end_of_record
TN:
SF:/mnt/d/jl/openlibm/src/e_jn.c
FN:216,271,yn
FN:55,213,jn
FNDA:37,yn
FNDA:41,jn
FNF:2
FNH:2
BRDA:67,0,0,4
BRDA:67,0,1,37
BRDA:68,0,0,0
BRDA:68,0,1,37
BRDA:73,0,0,10
BRDA:73,0,1,27
BRDA:74,0,0,11
BRDA:74,0,1,16
BRDA:77,0,0,14
BRDA:77,0,1,2
BRDA:77,0,2,2
BRDA:77,0,3,12
BRDA:79,0,0,2
BRDA:79,0,1,10
BRDA:81,0,0,0
BRDA:81,0,1,2
BRDA:95,0,0,-
BRDA:95,0,1,-
BRDA:95,0,2,-
BRDA:95,0,3,-
BRDA:95,0,4,-
BRDA:105,0,0,11
BRDA:105,0,1,2
BRDA:112,0,0,0
BRDA:112,0,1,10
BRDA:116,0,0,-
BRDA:116,0,1,-
BRDA:120,0,0,-
BRDA:120,0,1,-
BRDA:160,0,0,55
BRDA:160,0,1,10
BRDA:167,0,0,75
BRDA:167,0,1,10
BRDA:181,0,0,10
BRDA:181,0,1,0
BRDA:182,0,0,55
BRDA:182,0,1,10
BRDA:190,0,0,-
BRDA:190,0,1,-
BRDA:197,0,0,-
BRDA:197,0,1,-
BRDA:206,0,0,8
BRDA:206,0,1,2
BRDA:212,0,0,1
BRDA:212,0,1,15
BRDA:225,0,0,4
BRDA:225,0,1,33
BRDA:226,0,0,2
BRDA:226,0,1,31
BRDA:227,0,0,2
BRDA:227,0,1,29
BRDA:229,0,0,0
BRDA:229,0,1,29
BRDA:233,0,0,8
BRDA:233,0,1,21
BRDA:234,0,0,9
BRDA:234,0,1,12
BRDA:235,0,0,2
BRDA:235,0,1,10
BRDA:236,0,0,0
BRDA:236,0,1,10
BRDA:250,0,0,-
BRDA:250,0,1,-
BRDA:250,0,2,-
BRDA:250,0,3,-
BRDA:250,0,4,-
BRDA:263,0,0,55
BRDA:263,0,1,10
BRDA:263,0,2,55
BRDA:263,0,3,0
BRDA:270,0,0,10
BRDA:270,0,1,0
BRF:72
BRH:46
DA:55,41
DA:64,41
DA:65,41
DA:67,41
DA:68,37
DA:69,0
DA:70,0
DA:71,0
DA:73,37
DA:74,27
DA:75,16
DA:76,16
DA:77,16
DA:78,4
DA:79,12
DA:81,2
DA:95,0
DA:96,0
DA:97,0
DA:98,0
DA:99,0
DA:101,0
DA:103,2
DA:104,2
DA:105,13
DA:106,11
DA:107,11
DA:108,11
DA:112,10
DA:116,0
DA:117,0
DA:119,0
DA:120,0
DA:121,0
DA:122,0
DA:124,0
DA:158,10
DA:159,10
DA:160,65
DA:161,55
DA:162,55
DA:163,55
DA:164,55
DA:166,10
DA:167,85
DA:168,10
DA:169,10
DA:178,10
DA:179,10
DA:180,10
DA:181,10
DA:182,65
DA:183,55
DA:184,55
DA:185,55
DA:186,55
DA:187,55
DA:190,0
DA:191,0
DA:192,0
DA:193,0
DA:194,0
DA:195,0
DA:197,0
DA:198,0
DA:199,0
DA:200,0
DA:204,10
DA:205,10
DA:206,10
DA:207,8
DA:209,2
DA:212,16
DA:216,37
DA:222,37
DA:223,37
DA:225,37
DA:226,33
DA:227,31
DA:228,29
DA:229,29
DA:230,0
DA:231,0
DA:233,29
DA:234,21
DA:235,12
DA:236,10
DA:250,0
DA:251,0
DA:252,0
DA:253,0
DA:254,0
DA:256,0
DA:259,10
DA:260,10
DA:262,10
DA:263,65
DA:264,55
DA:265,55
DA:266,55
DA:267,55
DA:270,10
LF:102
LH:68
end_of_record
TN:
SF:/mnt/d/jl/openlibm/src/e_jnf.c
FN:168,200,ynf
FN:30,165,jnf
FNDA:37,ynf
FNDA:41,jnf
FNF:2
FNH:2
BRDA:42,0,0,4
BRDA:42,0,1,37
BRDA:43,0,0,0
BRDA:43,0,1,37
BRDA:48,0,0,10
BRDA:48,0,1,27
BRDA:49,0,0,11
BRDA:49,0,1,16
BRDA:52,0,0,14
BRDA:52,0,1,2
BRDA:52,0,2,2
BRDA:52,0,3,12
BRDA:54,0,0,2
BRDA:54,0,1,10
BRDA:58,0,0,11
BRDA:58,0,1,2
BRDA:64,0,0,0
BRDA:64,0,1,10
BRDA:68,0,0,-
BRDA:68,0,1,-
BRDA:72,0,0,-
BRDA:72,0,1,-
BRDA:112,0,0,55
BRDA:112,0,1,10
BRDA:119,0,0,75
BRDA:119,0,1,10
BRDA:133,0,0,10
BRDA:133,0,1,0
BRDA:134,0,0,55
BRDA:134,0,1,10
BRDA:142,0,0,-
BRDA:142,0,1,-
BRDA:149,0,0,-
BRDA:149,0,1,-
BRDA:158,0,0,8
BRDA:158,0,1,2
BRDA:164,0,0,1
BRDA:164,0,1,15
BRDA:177,0,0,4
BRDA:177,0,1,33
BRDA:178,0,0,2
BRDA:178,0,1,31
BRDA:179,0,0,2
BRDA:179,0,1,29
BRDA:181,0,0,0
BRDA:181,0,1,29
BRDA:185,0,0,8
BRDA:185,0,1,21
BRDA:186,0,0,9
BRDA:186,0,1,12
BRDA:187,0,0,2
BRDA:187,0,1,10
BRDA:193,0,0,55
BRDA:193,0,1,10
BRDA:193,0,2,55
BRDA:193,0,3,0
BRDA:199,0,0,10
BRDA:199,0,1,0
BRF:58
BRH:44
DA:30,41
DA:39,41
DA:40,41
DA:42,41
DA:43,37
DA:44,0
DA:45,0
DA:46,0
DA:48,37
DA:49,27
DA:50,16
DA:51,16
DA:52,16
DA:53,4
DA:54,12
DA:56,2
DA:57,2
DA:58,13
DA:59,11
DA:60,11
DA:61,11
DA:64,10
DA:68,0
DA:69,0
DA:71,0
DA:72,0
DA:73,0
DA:74,0
DA:76,0
DA:110,10
DA:111,10
DA:112,65
DA:113,55
DA:114,55
DA:115,55
DA:116,55
DA:118,10
DA:119,85
DA:120,10
DA:121,10
DA:130,10
DA:131,10
DA:132,10
DA:133,10
DA:134,65
DA:135,55
DA:136,55
DA:137,55
DA:138,55
DA:139,55
DA:142,0
DA:143,0
DA:144,0
DA:145,0
DA:146,0
DA:147,0
DA:149,0
DA:150,0
DA:151,0
DA:152,0
DA:156,10
DA:157,10
DA:158,10
DA:159,8
DA:161,2
DA:164,16
DA:168,37
DA:174,37
DA:175,37
DA:177,37
DA:178,33
DA:179,31
DA:180,29
DA:181,29
DA:182,0
DA:183,0
DA:185,29
DA:186,21
DA:187,12
DA:189,10
DA:190,10
DA:192,10
DA:193,65
DA:194,55
DA:195,55
DA:196,55
DA:197,55
DA:199,10
LF:88
LH:66
end_of_record
TN:
SF:/mnt/d/jl/openlibm/src/e_lgamma.c
FN:29,36,lgamma
FNDA:22,lgamma
FNF:1
FNH:1
DA:29,22
DA:35,22
LF:2
LH:2
end_of_record
TN:
SF:/mnt/d/jl/openlibm/src/e_lgamma_r.c
FN:160,202,sin_pi
FN:206,298,lgamma_r
FNDA:4,sin_pi
FNDA:22,lgamma_r
FNF:2
FNH:2
BRDA:168,0,0,0
BRDA:168,0,1,4
BRDA:176,0,0,2
BRDA:176,0,1,2
BRDA:181,0,0,0
BRDA:181,0,1,2
BRDA:184,0,0,2
BRDA:184,0,1,0
BRDA:191,0,0,0
BRDA:191,0,1,2
BRDA:191,0,2,2
BRDA:191,0,3,0
BRDA:191,0,4,0
BRDA:217,0,0,6
BRDA:217,0,1,16
BRDA:218,0,0,3
BRDA:218,0,1,13
BRDA:219,0,0,0
BRDA:219,0,1,13
BRDA:220,0,0,-
BRDA:220,0,1,-
BRDA:225,0,0,4
BRDA:225,0,1,9
BRDA:226,0,0,0
BRDA:226,0,1,4
BRDA:229,0,0,2
BRDA:229,0,1,2
BRDA:231,0,0,2
BRDA:231,0,1,0
BRDA:236,0,0,8
BRDA:236,0,1,3
BRDA:236,0,2,0
BRDA:236,0,3,8
BRDA:238,0,0,6
BRDA:238,0,1,2
BRDA:239,0,0,5
BRDA:239,0,1,1
BRDA:241,0,0,0
BRDA:241,0,1,5
BRDA:242,0,0,5
BRDA:242,0,1,0
BRDA:246,0,0,0
BRDA:246,0,1,1
BRDA:247,0,0,0
BRDA:247,0,1,1
BRDA:250,0,0,0
BRDA:250,0,1,5
BRDA:250,0,2,1
BRDA:250,0,3,0
BRDA:271,0,0,2
BRDA:271,0,1,0
BRDA:278,0,0,0
BRDA:278,0,1,0
BRDA:278,0,2,0
BRDA:278,0,3,0
BRDA:278,0,4,2
BRDA:278,0,5,0
BRDA:287,0,0,-
BRDA:287,0,1,-
BRDA:296,0,0,2
BRDA:296,0,1,9
BRF:61
BRH:35
DA:160,4
DA:165,4
DA:166,4
DA:168,4
DA:169,4
DA:175,4
DA:176,4
DA:177,2
DA:178,2
DA:179,2
DA:181,2
DA:182,0
DA:184,2
DA:185,2
DA:186,2
DA:187,2
DA:188,2
DA:191,4
DA:192,0
DA:193,2
DA:194,2
DA:195,2
DA:196,2
DA:197,0
DA:198,0
DA:199,0
DA:201,4
DA:206,22
DA:212,22
DA:215,22
DA:216,22
DA:217,22
DA:218,16
DA:219,13
DA:220,0
DA:221,0
DA:222,0
DA:223,0
DA:225,13
DA:226,4
DA:227,0
DA:228,4
DA:229,4
DA:230,2
DA:231,2
DA:232,2
DA:236,11
DA:238,8
DA:239,6
DA:240,5
DA:241,5
DA:242,5
DA:243,0
DA:245,1
DA:246,1
DA:247,1
DA:248,1
DA:250,6
DA:251,0
DA:252,0
DA:253,0
DA:254,0
DA:255,0
DA:256,0
DA:257,5
DA:258,5
DA:259,5
DA:260,5
DA:261,5
DA:262,5
DA:263,5
DA:264,5
DA:265,1
DA:266,1
DA:267,1
DA:268,1
DA:271,2
DA:272,2
DA:273,2
DA:274,2
DA:275,2
DA:276,2
DA:277,2
DA:278,2
DA:279,0
DA:280,0
DA:281,0
DA:282,0
DA:283,2
DA:284,2
DA:287,0
DA:288,0
DA:289,0
DA:290,0
DA:291,0
DA:292,0
DA:295,0
DA:296,11
DA:297,11
LF:99
LH:71
end_of_record
TN:
SF:/mnt/d/jl/openlibm/src/e_lgammaf.c
FN:30,37,lgammaf
FNDA:22,lgammaf
FNF:1
FNH:1
DA:30,22
DA:36,22
LF:2
LH:2
end_of_record
TN:
SF:/mnt/d/jl/openlibm/src/e_lgammaf_r.c
FN:139,231,lgammaf_r
FN:93,135,sin_pif
FNDA:22,lgammaf_r
FNDA:4,sin_pif
FNF:2
FNH:2
BRDA:101,0,0,0
BRDA:101,0,1,4
BRDA:109,0,0,2
BRDA:109,0,1,2
BRDA:114,0,0,0
BRDA:114,0,1,2
BRDA:117,0,0,2
BRDA:117,0,1,0
BRDA:124,0,0,0
BRDA:124,0,1,2
BRDA:124,0,2,2
BRDA:124,0,3,0
BRDA:124,0,4,0
BRDA:150,0,0,6
BRDA:150,0,1,16
BRDA:151,0,0,3
BRDA:151,0,1,13
BRDA:152,0,0,0
BRDA:152,0,1,13
BRDA:153,0,0,-
BRDA:153,0,1,-
BRDA:158,0,0,4
BRDA:158,0,1,9
BRDA:159,0,0,0
BRDA:159,0,1,4
BRDA:162,0,0,2
BRDA:162,0,1,2
BRDA:164,0,0,2
BRDA:164,0,1,0
BRDA:169,0,0,8
BRDA:169,0,1,3
BRDA:169,0,2,0
BRDA:169,0,3,8
BRDA:171,0,0,6
BRDA:171,0,1,2
BRDA:172,0,0,5
BRDA:172,0,1,1
BRDA:174,0,0,0
BRDA:174,0,1,5
BRDA:175,0,0,5
BRDA:175,0,1,0
BRDA:179,0,0,0
BRDA:179,0,1,1
BRDA:180,0,0,0
BRDA:180,0,1,1
BRDA:183,0,0,0
BRDA:183,0,1,5
BRDA:183,0,2,1
BRDA:183,0,3,0
BRDA:204,0,0,2
BRDA:204,0,1,0
BRDA:211,0,0,0
BRDA:211,0,1,0
BRDA:211,0,2,0
BRDA:211,0,3,0
BRDA:211,0,4,2
BRDA:211,0,5,0
BRDA:220,0,0,-
BRDA:220,0,1,-
BRDA:229,0,0,2
BRDA:229,0,1,9
BRF:61
BRH:35
DA:93,4
DA:98,4
DA:99,4
DA:101,4
DA:102,4
DA:108,4
DA:109,4
DA:110,2
DA:111,2
DA:112,2
DA:114,2
DA:115,0
DA:117,2
DA:118,2
DA:119,2
DA:120,2
DA:121,2
DA:124,4
DA:125,0
DA:126,2
DA:127,2
DA:128,2
DA:129,2
DA:130,0
DA:131,0
DA:132,0
DA:134,4
DA:139,22
DA:145,22
DA:148,22
DA:149,22
DA:150,22
DA:151,16
DA:152,13
DA:153,0
DA:154,0
DA:155,0
DA:156,0
DA:158,13
DA:159,4
DA:160,0
DA:161,4
DA:162,4
DA:163,2
DA:164,2
DA:165,2
DA:169,11
DA:171,8
DA:172,6
DA:173,5
DA:174,5
DA:175,5
DA:176,0
DA:178,1
DA:179,1
DA:180,1
DA:181,1
DA:183,6
DA:184,0
DA:185,0
DA:186,0
DA:187,0
DA:188,0
DA:189,0
DA:190,5
DA:191,5
DA:192,5
DA:193,5
DA:194,5
DA:195,5
DA:196,5
DA:197,5
DA:198,1
DA:199,1
DA:200,1
DA:201,1
DA:204,2
DA:205,2
DA:206,2
DA:207,2
DA:208,2
DA:209,2
DA:210,2
DA:211,2
DA:212,0
DA:213,0
DA:214,0
DA:215,0
DA:216,2
DA:217,2
DA:220,0
DA:221,0
DA:222,0
DA:223,0
DA:224,0
DA:225,0
DA:228,0
DA:229,11
DA:230,11
LF:99
LH:71
end_of_record
TN:
SF:/mnt/d/jl/openlibm/src/e_lgammal.c
FN:8,15,lgammal
FNDA:0,lgammal
FNF:1
FNH:0
DA:8,0
DA:14,0
LF:2
LH:0
end_of_record
TN:
SF:/mnt/d/jl/openlibm/src/e_log.c
FN:88,142,log
FNDA:63,log
FNF:1
FNH:1
BRDA:97,0,0,3
BRDA:97,0,1,60
BRDA:98,0,0,2
BRDA:98,0,1,1
BRDA:100,0,0,1
BRDA:100,0,1,0
BRDA:104,0,0,1
BRDA:104,0,1,59
BRDA:111,0,0,20
BRDA:111,0,1,39
BRDA:112,0,0,20
BRDA:112,0,1,0
BRDA:113,0,0,13
BRDA:113,0,1,7
BRDA:121,0,0,-
BRDA:121,0,1,-
BRDA:134,0,0,10
BRDA:134,0,1,29
BRDA:136,0,0,0
BRDA:136,0,1,10
BRDA:139,0,0,0
BRDA:139,0,1,29
BRF:22
BRH:16
DA:88,63
DA:94,63
DA:96,63
DA:97,63
DA:98,3
DA:99,2
DA:100,1
DA:101,0
DA:102,0
DA:104,60
DA:105,59
DA:106,59
DA:107,59
DA:108,59
DA:109,59
DA:110,59
DA:111,59
DA:112,20
DA:113,20
DA:114,13
DA:116,7
DA:117,7
DA:120,0
DA:121,0
DA:122,0
DA:124,39
DA:125,39
DA:126,39
DA:127,39
DA:128,39
DA:129,39
DA:130,39
DA:131,39
DA:132,39
DA:133,39
DA:134,39
DA:135,10
DA:136,10
DA:137,10
DA:139,29
DA:140,29
LF:41
LH:36
end_of_record
TN:
SF:/mnt/d/jl/openlibm/src/e_log10.c
FN:41,89,log10
FNDA:13,log10
FNF:1
FNH:1
BRDA:50,0,0,4
BRDA:50,0,1,9
BRDA:51,0,0,2
BRDA:51,0,1,2
BRDA:53,0,0,2
BRDA:53,0,1,0
BRDA:57,0,0,1
BRDA:57,0,1,8
BRDA:58,0,0,2
BRDA:58,0,1,6
BRDA:58,0,2,2
BRDA:58,0,3,0
BRF:12
BRH:10
DA:41,13
DA:47,13
DA:49,13
DA:50,13
DA:51,4
DA:52,2
DA:53,2
DA:54,0
DA:55,0
DA:57,9
DA:58,8
DA:59,2
DA:60,6
DA:61,6
DA:62,6
DA:63,6
DA:64,6
DA:65,6
DA:66,6
DA:67,6
DA:68,6
DA:71,6
DA:72,6
DA:73,6
DA:74,6
DA:75,6
DA:76,6
DA:84,6
DA:85,6
DA:86,6
DA:88,6
LF:31
LH:29
end_of_record
TN:
SF:/mnt/d/jl/openlibm/src/e_log10f.c
FN:37,75,log10f
FNDA:13,log10f
FNF:1
FNH:1
BRDA:45,0,0,4
BRDA:45,0,1,9
BRDA:46,0,0,2
BRDA:46,0,1,2
BRDA:48,0,0,2
BRDA:48,0,1,0
BRDA:52,0,0,1
BRDA:52,0,1,8
BRDA:53,0,0,2
BRDA:53,0,1,6
BRF:10
BRH:9
DA:37,13
DA:42,13
DA:44,13
DA:45,13
DA:46,4
DA:47,2
DA:48,2
DA:49,0
DA:50,0
DA:52,9
DA:53,8
DA:54,2
DA:55,6
DA:56,6
DA:57,6
DA:58,6
DA:59,6
DA:60,6
DA:61,6
DA:62,6
DA:63,6
DA:69,6
DA:70,6
DA:71,6
DA:72,6
DA:73,6
DA:74,6
LF:27
LH:25
end_of_record
TN:
SF:/mnt/d/jl/openlibm/src/e_log2.c
FN:41,112,log2
FNDA:12,log2
FNF:1
FNH:1
BRDA:50,0,0,4
BRDA:50,0,1,8
BRDA:51,0,0,2
BRDA:51,0,1,2
BRDA:53,0,0,2
BRDA:53,0,1,0
BRDA:57,0,0,1
BRDA:57,0,1,7
BRDA:58,0,0,2
BRDA:58,0,1,5
BRDA:58,0,2,2
BRDA:58,0,3,0
BRF:12
BRH:10
DA:41,12
DA:47,12
DA:49,12
DA:50,12
DA:51,4
DA:52,2
DA:53,2
DA:54,0
DA:55,0
DA:57,8
DA:58,7
DA:59,2
DA:60,5
DA:61,5
DA:62,5
DA:63,5
DA:64,5
DA:65,5
DA:66,5
DA:67,5
DA:68,5
DA:100,5
DA:101,5
DA:102,5
DA:103,5
DA:104,5
DA:107,5
DA:108,5
DA:109,5
DA:111,5
LF:30
LH:28
end_of_record
TN:
SF:/mnt/d/jl/openlibm/src/e_log2f.c
FN:35,85,log2f
FNDA:12,log2f
FNF:1
FNH:1
BRDA:43,0,0,4
BRDA:43,0,1,8
BRDA:44,0,0,2
BRDA:44,0,1,2
BRDA:46,0,0,2
BRDA:46,0,1,0
BRDA:50,0,0,1
BRDA:50,0,1,7
BRDA:51,0,0,2
BRDA:51,0,1,5
BRF:10
BRH:9
DA:35,12
DA:40,12
DA:42,12
DA:43,12
DA:44,4
DA:45,2
DA:46,2
DA:47,0
DA:48,0
DA:50,8
DA:51,7
DA:52,2
DA:53,5
DA:54,5
DA:55,5
DA:56,5
DA:57,5
DA:58,5
DA:59,5
DA:60,5
DA:61,5
DA:80,5
DA:81,5
DA:82,5
DA:83,5
DA:84,5
LF:26
LH:24
end_of_record
TN:
SF:/mnt/d/jl/openlibm/src/e_logf.c
FN:36,89,logf
FNDA:63,logf
FNF:1
FNH:1
BRDA:44,0,0,3
BRDA:44,0,1,60
BRDA:45,0,0,2
BRDA:45,0,1,1
BRDA:47,0,0,1
BRDA:47,0,1,0
BRDA:51,0,0,1
BRDA:51,0,1,59
BRDA:58,0,0,20
BRDA:58,0,1,39
BRDA:59,0,0,20
BRDA:59,0,1,0
BRDA:60,0,0,13
BRDA:60,0,1,7
BRDA:68,0,0,-
BRDA:68,0,1,-
BRDA:81,0,0,10
BRDA:81,0,1,29
BRDA:83,0,0,0
BRDA:83,0,1,10
BRDA:86,0,0,0
BRDA:86,0,1,29
BRF:22
BRH:16
DA:36,63
DA:41,63
DA:43,63
DA:44,63
DA:45,3
DA:46,2
DA:47,1
DA:48,0
DA:49,0
DA:51,60
DA:52,59
DA:53,59
DA:54,59
DA:55,59
DA:56,59
DA:57,59
DA:58,59
DA:59,20
DA:60,20
DA:61,13
DA:63,7
DA:64,7
DA:67,0
DA:68,0
DA:69,0
DA:71,39
DA:72,39
DA:73,39
DA:74,39
DA:75,39
DA:76,39
DA:77,39
DA:78,39
DA:79,39
DA:80,39
DA:81,39
DA:82,10
DA:83,10
DA:84,10
DA:86,29
DA:87,29
LF:41
LH:36
end_of_record
TN:
SF:/mnt/d/jl/openlibm/src/e_pow.c
FN:99,313,pow
FNDA:100,pow
FNF:1
FNH:1
BRDA:112,0,0,11
BRDA:112,0,1,89
BRDA:115,0,0,3
BRDA:115,0,1,86
BRDA:115,0,2,3
BRDA:115,0,3,0
BRDA:118,0,0,83
BRDA:118,0,1,3
BRDA:118,0,2,36
BRDA:118,0,3,47
BRDA:118,0,4,36
BRDA:118,0,5,0
BRDA:118,0,6,80
BRDA:118,0,7,3
BRDA:119,0,0,22
BRDA:119,0,1,58
BRDA:119,0,2,0
BRDA:119,0,3,22
BRDA:128,0,0,49
BRDA:128,0,1,31
BRDA:129,0,0,11
BRDA:129,0,1,38
BRDA:130,0,0,36
BRDA:130,0,1,2
BRDA:132,0,0,0
BRDA:132,0,1,36
BRDA:134,0,0,-
BRDA:134,0,1,-
BRDA:135,0,0,24
BRDA:135,0,1,12
BRDA:137,0,0,24
BRDA:137,0,1,0
BRDA:143,0,0,60
BRDA:143,0,1,20
BRDA:144,0,0,22
BRDA:144,0,1,38
BRDA:145,0,0,2
BRDA:145,0,1,20
BRDA:147,0,0,10
BRDA:147,0,1,10
BRDA:148,0,0,5
BRDA:148,0,1,5
BRDA:150,0,0,5
BRDA:150,0,1,5
BRDA:152,0,0,9
BRDA:152,0,1,29
BRDA:153,0,0,5
BRDA:153,0,1,4
BRDA:155,0,0,4
BRDA:155,0,1,25
BRDA:156,0,0,0
BRDA:156,0,1,25
BRDA:157,0,0,2
BRDA:157,0,1,23
BRDA:161,0,0,0
BRDA:161,0,1,23
BRDA:162,0,0,-
BRDA:162,0,1,-
BRDA:169,0,0,37
BRDA:169,0,1,6
BRDA:170,0,0,12
BRDA:170,0,1,25
BRDA:170,0,2,0
BRDA:170,0,3,12
BRDA:170,0,4,0
BRDA:170,0,5,0
BRDA:172,0,0,19
BRDA:172,0,1,18
BRDA:173,0,0,27
BRDA:173,0,1,10
BRDA:174,0,0,0
BRDA:174,0,1,27
BRDA:176,0,0,9
BRDA:176,0,1,18
BRDA:190,0,0,4
BRDA:190,0,1,2
BRDA:193,0,0,0
BRDA:193,0,1,2
BRDA:196,0,0,1
BRDA:196,0,1,1
BRDA:197,0,0,0
BRDA:197,0,1,1
BRDA:198,0,0,-
BRDA:198,0,1,-
BRDA:198,0,2,-
BRDA:198,0,3,-
BRDA:199,0,0,-
BRDA:199,0,1,-
BRDA:199,0,2,-
BRDA:199,0,3,-
BRDA:202,0,0,0
BRDA:202,0,1,1
BRDA:202,0,2,0
BRDA:202,0,3,0
BRDA:203,0,0,1
BRDA:203,0,1,0
BRDA:203,0,2,0
BRDA:203,0,3,1
BRDA:217,0,0,0
BRDA:217,0,1,1
BRDA:223,0,0,0
BRDA:223,0,1,1
BRDA:224,0,0,1
BRDA:224,0,1,0
BRDA:270,0,0,0
BRDA:270,0,1,1
BRDA:271,0,0,-
BRDA:271,0,1,-
BRDA:274,0,0,-
BRDA:274,0,1,-
BRDA:276,0,0,0
BRDA:276,0,1,1
BRDA:277,0,0,-
BRDA:277,0,1,-
BRDA:280,0,0,-
BRDA:280,0,1,-
BRDA:289,0,0,1
BRDA:289,0,1,0
BRDA:295,0,0,1
BRDA:295,0,1,0
BRDA:310,0,0,0
BRDA:310,0,1,1
BRF:122
BRH:76
DA:99,100
DA:107,100
DA:108,100
DA:109,100
DA:112,100
DA:115,89
DA:118,86
DA:119,80
DA:120,6
DA:127,80
DA:128,80
DA:129,49
DA:130,38
DA:131,36
DA:132,36
DA:133,0
DA:134,0
DA:135,36
DA:136,24
DA:137,24
DA:143,80
DA:144,60
DA:145,22
DA:146,2
DA:147,20
DA:148,10
DA:150,10
DA:152,38
DA:153,9
DA:155,29
DA:156,25
DA:157,25
DA:158,2
DA:159,2
DA:161,23
DA:162,0
DA:163,0
DA:167,43
DA:169,43
DA:170,37
DA:171,37
DA:172,37
DA:173,37
DA:174,27
DA:175,0
DA:176,27
DA:177,9
DA:179,37
DA:187,6
DA:190,6
DA:192,2
DA:193,2
DA:196,2
DA:197,1
DA:198,0
DA:199,0
DA:202,1
DA:203,1
DA:206,0
DA:207,0
DA:208,0
DA:209,0
DA:210,0
DA:211,0
DA:212,0
DA:215,1
DA:217,1
DA:218,0
DA:219,1
DA:220,1
DA:222,1
DA:223,1
DA:224,1
DA:225,0
DA:226,1
DA:229,1
DA:230,1
DA:231,1
DA:232,1
DA:233,1
DA:235,1
DA:236,1
DA:237,1
DA:238,1
DA:240,1
DA:241,1
DA:242,1
DA:243,1
DA:244,1
DA:245,1
DA:246,1
DA:248,1
DA:249,1
DA:251,1
DA:252,1
DA:253,1
DA:254,1
DA:255,1
DA:257,1
DA:258,1
DA:259,1
DA:260,1
DA:264,1
DA:265,1
DA:266,1
DA:267,1
DA:268,1
DA:269,1
DA:270,1
DA:271,0
DA:272,0
DA:274,0
DA:276,1
DA:277,0
DA:278,0
DA:280,0
DA:286,1
DA:287,1
DA:288,1
DA:289,1
DA:290,1
DA:291,1
DA:292,1
DA:293,1
DA:294,1
DA:295,1
DA:296,1
DA:298,1
DA:299,1
DA:300,1
DA:301,1
DA:302,1
DA:303,1
DA:304,1
DA:305,1
DA:306,1
DA:307,1
DA:308,1
DA:309,1
DA:310,1
DA:311,1
DA:312,1
LF:142
LH:120
end_of_record
TN:
SF:/mnt/d/jl/openlibm/src/e_powf.c
FN:60,253,powf
FNDA:99,powf
FNF:1
FNH:1
BRDA:72,0,0,11
BRDA:72,0,1,88
BRDA:75,0,0,3
BRDA:75,0,1,85
BRDA:78,0,0,82
BRDA:78,0,1,3
BRDA:78,0,2,3
BRDA:78,0,3,79
BRDA:88,0,0,48
BRDA:88,0,1,31
BRDA:89,0,0,10
BRDA:89,0,1,38
BRDA:90,0,0,36
BRDA:90,0,1,2
BRDA:93,0,0,24
BRDA:93,0,1,12
BRDA:98,0,0,22
BRDA:98,0,1,57
BRDA:99,0,0,2
BRDA:99,0,1,20
BRDA:101,0,0,10
BRDA:101,0,1,10
BRDA:102,0,0,5
BRDA:102,0,1,5
BRDA:104,0,0,5
BRDA:104,0,1,5
BRDA:106,0,0,9
BRDA:106,0,1,48
BRDA:107,0,0,5
BRDA:107,0,1,4
BRDA:109,0,0,4
BRDA:109,0,1,44
BRDA:110,0,0,0
BRDA:110,0,1,44
BRDA:111,0,0,-
BRDA:111,0,1,-
BRDA:117,0,0,19
BRDA:117,0,1,25
BRDA:117,0,2,5
BRDA:117,0,3,14
BRDA:117,0,4,0
BRDA:117,0,5,5
BRDA:119,0,0,19
BRDA:119,0,1,20
BRDA:120,0,0,28
BRDA:120,0,1,11
BRDA:121,0,0,0
BRDA:121,0,1,28
BRDA:123,0,0,9
BRDA:123,0,1,19
BRDA:132,0,0,4
BRDA:132,0,1,1
BRDA:135,0,0,0
BRDA:135,0,1,1
BRDA:138,0,0,0
BRDA:138,0,1,1
BRDA:140,0,0,-
BRDA:140,0,1,-
BRDA:140,0,2,-
BRDA:140,0,3,-
BRDA:141,0,0,-
BRDA:141,0,1,-
BRDA:141,0,2,-
BRDA:141,0,3,-
BRDA:156,0,0,0
BRDA:156,0,1,1
BRDA:162,0,0,0
BRDA:162,0,1,1
BRDA:163,0,0,1
BRDA:163,0,1,0
BRDA:213,0,0,0
BRDA:213,0,1,1
BRDA:215,0,0,0
BRDA:215,0,1,1
BRDA:216,0,0,-
BRDA:216,0,1,-
BRDA:218,0,0,0
BRDA:218,0,1,1
BRDA:220,0,0,0
BRDA:220,0,1,1
BRDA:221,0,0,-
BRDA:221,0,1,-
BRDA:229,0,0,1
BRDA:229,0,1,0
BRDA:234,0,0,1
BRDA:234,0,1,0
BRDA:250,0,0,0
BRDA:250,0,1,1
BRF:88
BRH:59
DA:60,99
DA:67,99
DA:68,99
DA:69,99
DA:72,99
DA:75,88
DA:78,85
DA:80,6
DA:87,79
DA:88,79
DA:89,48
DA:90,38
DA:91,36
DA:92,36
DA:93,36
DA:98,79
DA:99,22
DA:100,2
DA:101,20
DA:102,10
DA:104,10
DA:106,57
DA:107,9
DA:109,48
DA:110,44
DA:111,0
DA:112,0
DA:115,44
DA:117,44
DA:118,39
DA:119,39
DA:120,39
DA:121,28
DA:122,0
DA:123,28
DA:124,9
DA:126,39
DA:129,5
DA:132,5
DA:134,1
DA:135,1
DA:138,1
DA:140,0
DA:141,0
DA:144,0
DA:145,0
DA:146,0
DA:147,0
DA:148,0
DA:149,0
DA:150,0
DA:151,0
DA:154,1
DA:156,1
DA:157,0
DA:158,1
DA:159,1
DA:161,1
DA:162,1
DA:163,1
DA:164,0
DA:165,1
DA:168,1
DA:169,1
DA:170,1
DA:171,1
DA:172,1
DA:173,1
DA:175,1
DA:176,1
DA:177,1
DA:178,1
DA:180,1
DA:181,1
DA:182,1
DA:183,1
DA:184,1
DA:185,1
DA:186,1
DA:187,1
DA:189,1
DA:190,1
DA:192,1
DA:193,1
DA:194,1
DA:195,1
DA:196,1
DA:197,1
DA:199,1
DA:200,1
DA:201,1
DA:202,1
DA:203,1
DA:207,1
DA:208,1
DA:209,1
DA:210,1
DA:211,1
DA:212,1
DA:213,1
DA:214,0
DA:215,1
DA:216,0
DA:218,1
DA:219,0
DA:220,1
DA:221,0
DA:226,1
DA:227,1
DA:228,1
DA:229,1
DA:230,1
DA:231,1
DA:232,1
DA:233,1
DA:234,1
DA:235,1
DA:237,1
DA:238,1
DA:239,1
DA:240,1
DA:241,1
DA:242,1
DA:243,1
DA:244,1
DA:245,1
DA:246,1
DA:247,1
DA:248,1
DA:249,1
DA:250,1
DA:251,1
DA:252,1
LF:133
LH:114
end_of_record
TN:
SF:/mnt/d/jl/openlibm/src/e_rem_pio2.c
FN:52,183,__ieee754_rem_pio2
FNDA:127,__ieee754_rem_pio2
FNF:1
FNH:1
BRDA:65,0,0,39
BRDA:65,0,1,88
BRDA:66,0,0,4
BRDA:66,0,1,35
BRDA:68,0,0,35
BRDA:68,0,1,0
BRDA:69,0,0,35
BRDA:69,0,1,0
BRDA:81,0,0,-
BRDA:81,0,1,-
BRDA:94,0,0,16
BRDA:94,0,1,72
BRDA:95,0,0,16
BRDA:95,0,1,0
BRDA:96,0,0,0
BRDA:96,0,1,16
BRDA:98,0,0,16
BRDA:98,0,1,0
BRDA:110,0,0,-
BRDA:110,0,1,-
BRDA:112,0,0,-
BRDA:112,0,1,-
BRDA:125,0,0,72
BRDA:125,0,1,0
BRDA:143,0,0,4
BRDA:143,0,1,72
BRDA:151,0,0,4
BRDA:151,0,1,0
BRDA:166,0,0,-
BRDA:166,0,1,-
BRDA:173,0,0,-
BRDA:173,0,1,-
BRDA:179,0,0,-
BRDA:179,0,1,-
BRDA:181,0,0,-
BRDA:181,0,1,-
BRF:36
BRH:15
DA:52,127
DA:59,127
DA:60,127
DA:65,127
DA:66,39
DA:67,4
DA:68,35
DA:69,35
DA:70,35
DA:71,35
DA:72,35
DA:73,35
DA:75,0
DA:76,0
DA:77,0
DA:78,0
DA:81,0
DA:82,0
DA:83,0
DA:84,0
DA:85,0
DA:87,0
DA:88,0
DA:89,0
DA:90,0
DA:94,88
DA:95,16
DA:96,16
DA:97,0
DA:98,16
DA:99,16
DA:100,16
DA:101,16
DA:102,16
DA:104,0
DA:105,0
DA:106,0
DA:107,0
DA:110,0
DA:111,0
DA:112,0
DA:113,0
DA:114,0
DA:115,0
DA:116,0
DA:118,0
DA:119,0
DA:120,0
DA:121,0
DA:125,72
DA:126,72
DA:128,76
DA:129,76
DA:133,76
DA:135,76
DA:136,76
DA:139,76
DA:140,76
DA:141,76
DA:142,76
DA:143,76
DA:144,4
DA:145,4
DA:146,4
DA:147,4
DA:148,4
DA:149,4
DA:150,4
DA:151,4
DA:152,4
DA:153,4
DA:154,4
DA:155,4
DA:156,4
DA:160,76
DA:161,76
DA:166,0
DA:167,0
DA:170,0
DA:171,0
DA:172,0
DA:173,0
DA:174,0
DA:175,0
DA:177,0
DA:178,0
DA:179,0
DA:180,0
DA:181,0
DA:182,0
LF:90
LH:47
end_of_record
TN:
SF:/mnt/d/jl/openlibm/src/e_rem_pio2f.c
FN:44,81,__ieee754_rem_pio2f
FNDA:72,__ieee754_rem_pio2f
FNF:1
FNH:1
BRDA:54,0,0,72
BRDA:54,0,1,0
BRDA:71,0,0,-
BRDA:71,0,1,-
BRDA:79,0,0,-
BRDA:79,0,1,-
BRF:6
BRH:1
DA:44,72
DA:51,72
DA:52,72
DA:54,72
DA:56,72
DA:57,72
DA:61,72
DA:63,72
DA:64,72
DA:65,72
DA:66,72
DA:71,0
DA:72,0
DA:75,0
DA:76,0
DA:77,0
DA:78,0
DA:79,0
DA:80,0
LF:19
LH:11
end_of_record
TN:
SF:/mnt/d/jl/openlibm/src/e_sinh.c
FN:43,75,sinh
FNDA:7,sinh
FNF:1
FNH:1
BRDA:53,0,0,3
BRDA:53,0,1,4
BRDA:56,0,0,1
BRDA:56,0,1,3
BRDA:58,0,0,4
BRDA:58,0,1,0
BRDA:59,0,0,2
BRDA:59,0,1,2
BRDA:60,0,0,2
BRDA:60,0,1,0
BRDA:62,0,0,2
BRDA:62,0,1,0
BRDA:67,0,0,-
BRDA:67,0,1,-
BRDA:70,0,0,-
BRDA:70,0,1,-
BRF:16
BRH:9
DA:43,7
DA:49,7
DA:50,7
DA:53,7
DA:55,4
DA:56,4
DA:58,4
DA:59,4
DA:60,2
DA:61,2
DA:62,2
DA:63,0
DA:67,0
DA:70,0
DA:71,0
DA:74,0
LF:16
LH:11
end_of_record
TN:
SF:/mnt/d/jl/openlibm/src/e_sinhf.c
FN:26,57,sinhf
FNDA:7,sinhf
FNF:1
FNH:1
BRDA:35,0,0,3
BRDA:35,0,1,4
BRDA:38,0,0,1
BRDA:38,0,1,3
BRDA:40,0,0,4
BRDA:40,0,1,0
BRDA:41,0,0,2
BRDA:41,0,1,2
BRDA:42,0,0,2
BRDA:42,0,1,0
BRDA:44,0,0,2
BRDA:44,0,1,0
BRDA:49,0,0,-
BRDA:49,0,1,-
BRDA:52,0,0,-
BRDA:52,0,1,-
BRF:16
BRH:9
DA:26,7
DA:31,7
DA:32,7
DA:35,7
DA:37,4
DA:38,4
DA:40,4
DA:41,4
DA:42,2
DA:43,2
DA:44,2
DA:45,0
DA:49,0
DA:52,0
DA:53,0
DA:56,0
LF:16
LH:11
end_of_record
TN:
SF:/mnt/d/jl/openlibm/src/k_cos.c
FN:70,80,__kernel_cos
FNDA:53,__kernel_cos
FNF:1
FNH:1
DA:70,53
DA:74,53
DA:75,53
DA:76,53
DA:77,53
DA:78,53
DA:79,53
LF:7
LH:7
end_of_record
TN:
SF:/mnt/d/jl/openlibm/src/k_cosf.c
FN:39,48,__kernel_cosdf
FNDA:53,__kernel_cosdf
FNF:1
FNH:1
DA:39,53
DA:44,53
DA:45,53
DA:46,53
DA:47,53
LF:5
LH:5
end_of_record
TN:
SF:/mnt/d/jl/openlibm/src/k_exp.c
FN:46,62,__frexp_exp
FN:75,84,__ldexp_exp
FN:87,108,__ldexp_cexp
FNDA:0,__frexp_exp
FNDA:0,__ldexp_exp
FNDA:0,__ldexp_cexp
FNF:3
FNH:0
DA:46,0
DA:57,0
DA:58,0
DA:59,0
DA:60,0
DA:61,0
DA:75,0
DA:80,0
DA:81,0
DA:82,0
DA:83,0
DA:87,0
DA:92,0
DA:93,0
DA:94,0
DA:95,0
DA:101,0
DA:102,0
DA:103,0
DA:104,0
DA:106,0
LF:21
LH:0
end_of_record
TN:
SF:/mnt/d/jl/openlibm/src/k_expf.c
FN:45,55,__frexp_expf
FN:58,67,__ldexp_expf
FN:70,87,__ldexp_cexpf
FNDA:0,__frexp_expf
FNDA:0,__ldexp_expf
FNDA:0,__ldexp_cexpf
FNF:3
FNH:0
DA:45,0
DA:50,0
DA:51,0
DA:52,0
DA:53,0
DA:54,0
DA:58,0
DA:63,0
DA:64,0
DA:65,0
DA:66,0
DA:70,0
DA:75,0
DA:76,0
DA:77,0
DA:78,0
DA:80,0
DA:81,0
DA:82,0
DA:83,0
DA:85,0
LF:21
LH:0
end_of_record
TN:
SF:/mnt/d/jl/openlibm/src/k_log.h
FN:88,100,k_log1p
FNDA:11,k_log1p
FNF:1
FNH:1
DA:88,11
DA:92,11
DA:93,11
DA:94,11
DA:95,11
DA:96,11
DA:97,11
DA:98,11
DA:99,11
LF:9
LH:9
end_of_record
TN:
SF:/mnt/d/jl/openlibm/src/k_logf.h
FN:27,39,k_log1pf
FNDA:11,k_log1pf
FNF:1
FNH:1
DA:27,11
DA:31,11
DA:32,11
DA:33,11
DA:34,11
DA:35,11
DA:36,11
DA:37,11
DA:38,11
LF:9
LH:9
end_of_record
TN:
SF:/mnt/d/jl/openlibm/src/k_rem_pio2.c
FN:294,444,__kernel_rem_pio2
FNDA:0,__kernel_rem_pio2
FNF:1
FNH:0
BRDA:305,0,0,-
BRDA:305,0,1,-
BRDA:310,0,0,-
BRDA:310,0,1,-
BRDA:310,0,2,-
BRDA:310,0,3,-
BRDA:313,0,0,-
BRDA:313,0,1,-
BRDA:314,0,0,-
BRDA:314,0,1,-
BRDA:321,0,0,-
BRDA:321,0,1,-
BRDA:333,0,0,-
BRDA:333,0,1,-
BRDA:338,0,0,-
BRDA:338,0,1,-
BRDA:339,0,0,-
BRDA:339,0,1,-
BRDA:341,0,0,-
BRDA:341,0,1,-
BRDA:343,0,0,-
BRDA:343,0,1,-
BRDA:345,0,0,-
BRDA:345,0,1,-
BRDA:346,0,0,-
BRDA:346,0,1,-
BRDA:351,0,0,-
BRDA:351,0,1,-
BRDA:352,0,0,-
BRDA:352,0,1,-
BRDA:352,0,2,-
BRDA:359,0,0,-
BRDA:359,0,1,-
BRDA:361,0,0,-
BRDA:361,0,1,-
BRDA:366,0,0,-
BRDA:366,0,1,-
BRDA:368,0,0,-
BRDA:368,0,1,-
BRDA:369,0,0,-
BRDA:369,0,1,-
BRDA:370,0,0,-
BRDA:370,0,1,-
BRDA:372,0,0,-
BRDA:372,0,1,-
BRDA:374,0,0,-
BRDA:374,0,1,-
BRDA:383,0,0,-
BRDA:383,0,1,-
BRDA:385,0,0,-
BRDA:385,0,1,-
BRDA:388,0,0,-
BRDA:388,0,1,-
BRDA:398,0,0,-
BRDA:398,0,1,-
BRDA:403,0,0,-
BRDA:403,0,1,-
BRDA:404,0,0,-
BRDA:404,0,1,-
BRDA:404,0,2,-
BRDA:404,0,3,-
BRDA:409,0,0,-
BRDA:409,0,1,-
BRDA:409,0,2,-
BRDA:409,0,3,-
BRDA:412,0,0,-
BRDA:412,0,1,-
BRDA:413,0,0,-
BRDA:413,0,1,-
BRDA:418,0,0,-
BRDA:418,0,1,-
BRDA:420,0,0,-
BRDA:420,0,1,-
BRDA:422,0,0,-
BRDA:422,0,1,-
BRDA:423,0,0,-
BRDA:423,0,1,-
BRDA:426,0,0,-
BRDA:426,0,1,-
BRDA:431,0,0,-
BRDA:431,0,1,-
BRDA:436,0,0,-
BRDA:436,0,1,-
BRDA:437,0,0,-
BRDA:437,0,1,-
BRF:85
BRH:0
DA:294,0
DA:300,0
DA:301,0
DA:304,0
DA:305,0
DA:306,0
DA:309,0
DA:310,0
DA:313,0
DA:314,0
DA:315,0
DA:318,0
DA:319,0
DA:321,0
DA:322,0
DA:323,0
DA:324,0
DA:328,0
DA:329,0
DA:330,0
DA:331,0
DA:332,0
DA:333,0
DA:334,0
DA:335,0
DA:336,0
DA:338,0
DA:339,0
DA:341,0
DA:342,0
DA:343,0
DA:344,0
DA:345,0
DA:346,0
DA:347,0
DA:349,0
DA:351,0
DA:352,0
DA:353,0
DA:354,0
DA:355,0
DA:356,0
DA:359,0
DA:360,0
DA:361,0
DA:366,0
DA:367,0
DA:368,0
DA:369,0
DA:370,0
DA:372,0
DA:373,0
DA:374,0
DA:375,0
DA:377,0
DA:378,0
DA:383,0
DA:384,0
DA:385,0
DA:387,0
DA:388,0
DA:389,0
DA:390,0
DA:391,0
DA:392,0
DA:393,0
DA:397,0
DA:398,0
DA:399,0
DA:403,0
DA:404,0
DA:405,0
DA:409,0
DA:410,0
DA:411,0
DA:412,0
DA:413,0
DA:414,0
DA:415,0
DA:417,0
DA:418,0
DA:419,0
DA:420,0
DA:421,0
DA:422,0
DA:423,0
DA:424,0
DA:425,0
DA:426,0
DA:427,0
DA:428,0
DA:429,0
DA:431,0
DA:432,0
DA:433,0
DA:434,0
DA:436,0
DA:437,0
DA:438,0
DA:440,0
DA:443,0
LF:101
LH:0
end_of_record
TN:
SF:/mnt/d/jl/openlibm/src/k_sin.c
FN:61,71,__kernel_sin
FNDA:80,__kernel_sin
FNF:1
FNH:1
BRDA:69,0,0,5
BRDA:69,0,1,75
BRF:2
BRH:2
DA:61,80
DA:65,80
DA:66,80
DA:67,80
DA:68,80
DA:69,80
DA:70,75
LF:7
LH:7
end_of_record
TN:
SF:/mnt/d/jl/openlibm/src/k_sinf.c
FN:38,48,__kernel_sindf
FNDA:80,__kernel_sindf
FNF:1
FNH:1
DA:38,80
DA:43,80
DA:44,80
DA:45,80
DA:46,80
DA:47,80
LF:6
LH:6
end_of_record
TN:
SF:/mnt/d/jl/openlibm/src/k_tan.c
FN:81,134,__kernel_tan
FNDA:2,__kernel_tan
FNF:1
FNH:1
BRDA:87,0,0,2
BRDA:87,0,1,0
BRDA:88,0,0,0
BRDA:88,0,1,2
BRDA:112,0,0,2
BRDA:112,0,1,0
BRDA:117,0,0,-
BRDA:117,0,1,-
BRF:8
BRH:3
DA:81,2
DA:85,2
DA:86,2
DA:87,2
DA:88,2
DA:89,0
DA:90,0
DA:92,2
DA:93,2
DA:94,2
DA:95,2
DA:97,2
DA:98,2
DA:104,2
DA:105,2
DA:106,2
DA:107,2
DA:108,2
DA:109,2
DA:110,2
DA:111,2
DA:112,2
DA:113,2
DA:114,2
DA:115,2
DA:117,0
DA:118,0
DA:126,0
DA:127,0
DA:128,0
DA:129,0
DA:130,0
DA:131,0
DA:132,0
LF:34
LH:23
end_of_record
TN:
SF:/mnt/d/jl/openlibm/src/k_tanf.c
FN:41,68,__kernel_tandf
FNDA:2,__kernel_tandf
FNF:1
FNH:1
BRDA:66,0,0,1
BRDA:66,0,1,1
BRF:2
BRH:2
DA:41,2
DA:45,2
DA:60,2
DA:61,2
DA:62,2
DA:63,2
DA:64,2
DA:65,2
DA:66,2
DA:67,1
LF:10
LH:10
end_of_record
TN:
SF:/mnt/d/jl/openlibm/src/math_private.h
FN:257,263,irint
FNDA:0,irint
FNF:1
FNH:0
DA:257,0
DA:261,0
DA:262,0
LF:3
LH:0
end_of_record
TN:
SF:/mnt/d/jl/openlibm/src/polevll.c
FN:72,84,__polevll
FN:91,104,__p1evll
FNDA:0,__polevll
FNDA:0,__p1evll
FNF:2
FNH:0
BRDA:81,0,0,-
BRDA:81,0,1,-
BRDA:101,0,0,-
BRDA:101,0,1,-
BRF:4
BRH:0
DA:72,0
DA:77,0
DA:78,0
DA:80,0
DA:81,0
DA:83,0
DA:91,0
DA:96,0
DA:97,0
DA:98,0
DA:100,0
DA:101,0
DA:103,0
LF:13
LH:0
end_of_record
TN:
SF:/mnt/d/jl/openlibm/src/s_asinh.c
FN:38,58,asinh
FNDA:7,asinh
FNF:1
FNH:1
BRDA:44,0,0,3
BRDA:44,0,1,4
BRDA:45,0,0,2
BRDA:45,0,1,2
BRDA:46,0,0,2
BRDA:46,0,1,0
BRDA:48,0,0,0
BRDA:48,0,1,2
BRDA:50,0,0,0
BRDA:50,0,1,2
BRDA:57,0,0,2
BRDA:57,0,1,0
BRF:12
BRH:8
DA:38,7
DA:42,7
DA:43,7
DA:44,7
DA:45,4
DA:46,2
DA:48,2
DA:49,0
DA:50,2
DA:51,0
DA:52,0
DA:54,2
DA:55,2
DA:57,2
LF:14
LH:11
end_of_record
TN:
SF:/mnt/d/jl/openlibm/src/s_asinhf.c
FN:29,49,asinhf
FNDA:7,asinhf
FNF:1
FNH:1
BRDA:35,0,0,3
BRDA:35,0,1,4
BRDA:36,0,0,2
BRDA:36,0,1,2
BRDA:37,0,0,2
BRDA:37,0,1,0
BRDA:39,0,0,0
BRDA:39,0,1,2
BRDA:41,0,0,0
BRDA:41,0,1,2
BRDA:48,0,0,2
BRDA:48,0,1,0
BRF:12
BRH:8
DA:29,7
DA:33,7
DA:34,7
DA:35,7
DA:36,4
DA:37,2
DA:39,2
DA:40,0
DA:41,2
DA:42,0
DA:43,0
DA:45,2
DA:46,2
DA:48,2
LF:14
LH:11
end_of_record
TN:
SF:/mnt/d/jl/openlibm/src/s_atan.c
FN:74,120,atan
FNDA:19,atan
FNF:1
FNH:1
BRDA:81,0,0,4
BRDA:81,0,1,15
BRDA:84,0,0,3
BRDA:84,0,1,1
BRDA:84,0,2,3
BRDA:84,0,3,0
BRDA:85,0,0,0
BRDA:85,0,1,3
BRDA:87,0,0,1
BRDA:87,0,1,2
BRDA:89,0,0,6
BRDA:89,0,1,9
BRDA:90,0,0,6
BRDA:90,0,1,0
BRDA:91,0,0,6
BRDA:91,0,1,0
BRDA:96,0,0,7
BRDA:96,0,1,2
BRDA:97,0,0,0
BRDA:97,0,1,7
BRDA:103,0,0,1
BRDA:103,0,1,1
BRDA:115,0,0,0
BRDA:115,0,1,9
BRDA:118,0,0,2
BRDA:118,0,1,7
BRF:26
BRH:20
DA:74,19
DA:79,19
DA:80,19
DA:81,19
DA:83,4
DA:84,4
DA:85,3
DA:86,1
DA:87,3
DA:88,2
DA:89,15
DA:90,6
DA:91,6
DA:93,0
DA:95,9
DA:96,9
DA:97,7
DA:98,0
DA:100,7
DA:103,2
DA:104,1
DA:106,1
DA:110,9
DA:111,9
DA:113,9
DA:114,9
DA:115,9
DA:117,9
DA:118,9
LF:29
LH:27
end_of_record
TN:
SF:/mnt/d/jl/openlibm/src/s_atanf.c
FN:50,93,atanf
FNDA:19,atanf
FNF:1
FNH:1
BRDA:57,0,0,4
BRDA:57,0,1,15
BRDA:58,0,0,1
BRDA:58,0,1,3
BRDA:60,0,0,1
BRDA:60,0,1,2
BRDA:62,0,0,6
BRDA:62,0,1,9
BRDA:63,0,0,6
BRDA:63,0,1,0
BRDA:64,0,0,6
BRDA:64,0,1,0
BRDA:69,0,0,7
BRDA:69,0,1,2
BRDA:70,0,0,0
BRDA:70,0,1,7
BRDA:76,0,0,1
BRDA:76,0,1,1
BRDA:88,0,0,0
BRDA:88,0,1,9
BRDA:91,0,0,2
BRDA:91,0,1,7
BRF:22
BRH:18
DA:50,19
DA:55,19
DA:56,19
DA:57,19
DA:58,4
DA:59,1
DA:60,3
DA:61,2
DA:62,15
DA:63,6
DA:64,6
DA:66,0
DA:68,9
DA:69,9
DA:70,7
DA:71,0
DA:73,7
DA:76,2
DA:77,1
DA:79,1
DA:83,9
DA:84,9
DA:86,9
DA:87,9
DA:88,9
DA:90,9
DA:91,9
LF:27
LH:25
end_of_record
TN:
SF:/mnt/d/jl/openlibm/src/s_atanl.c
FN:33,85,atanl
FNDA:0,atanl
FNF:1
FNH:0
BRDA:44,0,0,-
BRDA:44,0,1,-
BRDA:45,0,0,-
BRDA:45,0,1,-
BRDA:46,0,0,-
BRDA:46,0,1,-
BRDA:48,0,0,-
BRDA:48,0,1,-
BRDA:54,0,0,-
BRDA:54,0,1,-
BRDA:55,0,0,-
BRDA:55,0,1,-
BRDA:56,0,0,-
BRDA:56,0,1,-
BRDA:61,0,0,-
BRDA:61,0,1,-
BRDA:62,0,0,-
BRDA:62,0,1,-
BRDA:68,0,0,-
BRDA:68,0,1,-
BRDA:80,0,0,-
BRDA:80,0,1,-
BRDA:83,0,0,-
BRDA:83,0,1,-
BRF:24
BRH:0
DA:33,0
DA:41,0
DA:42,0
DA:43,0
DA:44,0
DA:45,0
DA:46,0
DA:47,0
DA:48,0
DA:49,0
DA:53,0
DA:54,0
DA:55,0
DA:56,0
DA:58,0
DA:60,0
DA:61,0
DA:62,0
DA:63,0
DA:65,0
DA:68,0
DA:69,0
DA:71,0
DA:75,0
DA:76,0
DA:78,0
DA:79,0
DA:80,0
DA:82,0
DA:83,0
LF:30
LH:0
end_of_record
TN:
SF:/mnt/d/jl/openlibm/src/s_cacos.c
FN:56,63,cacos
FNDA:0,cacos
FNF:1
FNH:0
DA:56,0
DA:60,0
DA:61,0
DA:62,0
LF:4
LH:0
end_of_record
TN:
SF:/mnt/d/jl/openlibm/src/s_cacosf.c
FN:53,60,cacosf
FNDA:0,cacosf
FNF:1
FNH:0
DA:53,0
DA:57,0
DA:58,0
DA:59,0
LF:4
LH:0
end_of_record
TN:
SF:/mnt/d/jl/openlibm/src/s_cacosh.c
FN:52,58,cacosh
FNDA:0,cacosh
FNF:1
FNH:0
DA:52,0
DA:56,0
DA:57,0
LF:3
LH:0
end_of_record
TN:
SF:/mnt/d/jl/openlibm/src/s_cacoshf.c
FN:49,55,cacoshf
FNDA:0,cacoshf
FNF:1
FNH:0
DA:49,0
DA:53,0
DA:54,0
LF:3
LH:0
end_of_record
TN:
SF:/mnt/d/jl/openlibm/src/s_cacoshl.c
FN:50,56,cacoshl
FNDA:0,cacoshl
FNF:1
FNH:0
DA:50,0
DA:54,0
DA:55,0
LF:3
LH:0
end_of_record
TN:
SF:/mnt/d/jl/openlibm/src/s_cacosl.c
FN:56,63,cacosl
FNDA:0,cacosl
FNF:1
FNH:0
DA:56,0
DA:60,0
DA:61,0
DA:62,0
LF:4
LH:0
end_of_record
TN:
SF:/mnt/d/jl/openlibm/src/s_carg.c
FN:36,40,carg
FNDA:0,carg
FNF:1
FNH:0
DA:36,0
DA:39,0
LF:2
LH:0
end_of_record
TN:
SF:/mnt/d/jl/openlibm/src/s_cargf.c
FN:36,40,cargf
FNDA:0,cargf
FNF:1
FNH:0
DA:36,0
DA:39,0
LF:2
LH:0
end_of_record
TN:
SF:/mnt/d/jl/openlibm/src/s_cargl.c
FN:36,40,cargl
FNDA:0,cargl
FNF:1
FNH:0
DA:36,0
DA:39,0
LF:2
LH:0
end_of_record
TN:
SF:/mnt/d/jl/openlibm/src/s_casin.c
FN:59,132,casin
FNDA:0,casin
FNF:1
FNH:0
BRDA:68,0,0,-
BRDA:68,0,1,-
BRDA:69,0,0,-
BRDA:69,0,1,-
BRF:4
BRH:0
DA:59,0
DA:65,0
DA:66,0
DA:68,0
DA:69,0
DA:70,0
DA:74,0
DA:76,0
DA:117,0
DA:118,0
DA:122,0
DA:124,0
DA:125,0
DA:127,0
DA:128,0
DA:130,0
DA:131,0
LF:17
LH:0
end_of_record
TN:
SF:/mnt/d/jl/openlibm/src/s_casinf.c
FN:54,132,casinf
FNDA:0,casinf
FNF:1
FNH:0
BRDA:68,0,0,-
BRDA:68,0,1,-
BRDA:69,0,0,-
BRDA:69,0,1,-
BRF:4
BRH:0
DA:54,0
DA:65,0
DA:66,0
DA:68,0
DA:69,0
DA:70,0
DA:74,0
DA:76,0
DA:118,0
DA:119,0
DA:123,0
DA:124,0
DA:125,0
DA:127,0
DA:128,0
DA:130,0
DA:131,0
LF:17
LH:0
end_of_record
TN:
SF:/mnt/d/jl/openlibm/src/s_casinh.c
FN:52,58,casinh
FNDA:0,casinh
FNF:1
FNH:0
DA:52,0
DA:56,0
DA:57,0
LF:3
LH:0
end_of_record
TN:
SF:/mnt/d/jl/openlibm/src/s_casinhf.c
FN:49,55,casinhf
FNDA:0,casinhf
FNF:1
FNH:0
DA:49,0
DA:53,0
DA:54,0
LF:3
LH:0
end_of_record
TN:
SF:/mnt/d/jl/openlibm/src/s_casinhl.c
FN:50,56,casinhl
FNDA:0,casinhl
FNF:1
FNH:0
DA:50,0
DA:54,0
DA:55,0
LF:3
LH:0
end_of_record
TN:
SF:/mnt/d/jl/openlibm/src/s_casinl.c
FN:65,130,casinl
FNDA:0,casinl
FNF:1
FNH:0
BRDA:74,0,0,-
BRDA:74,0,1,-
BRDA:75,0,0,-
BRDA:75,0,1,-
BRDA:87,0,0,-
BRDA:87,0,1,-
BRDA:111,0,0,-
BRDA:111,0,1,-
BRF:8
BRH:0
DA:65,0
DA:71,0
DA:72,0
DA:74,0
DA:75,0
DA:76,0
DA:80,0
DA:82,0
DA:86,0
DA:87,0
DA:91,0
DA:92,0
DA:93,0
DA:94,0
DA:95,0
DA:97,0
DA:98,0
DA:100,0
DA:101,0
DA:102,0
DA:103,0
DA:104,0
DA:106,0
DA:107,0
DA:108,0
DA:111,0
DA:112,0
DA:113,0
DA:116,0
DA:117,0
DA:121,0
DA:122,0
DA:123,0
DA:125,0
DA:126,0
DA:128,0
DA:129,0
LF:37
LH:0
end_of_record
TN:
SF:/mnt/d/jl/openlibm/src/s_catan.c
FN:78,93,_redupi
FN:96,129,catan
FNDA:0,_redupi
FNDA:0,catan
FNF:2
FNH:0
BRDA:84,0,0,-
BRDA:84,0,1,-
BRDA:104,0,0,-
BRDA:104,0,1,-
BRDA:104,0,2,-
BRDA:104,0,3,-
BRDA:109,0,0,-
BRDA:109,0,1,-
BRDA:117,0,0,-
BRDA:117,0,1,-
BRF:10
BRH:0
DA:78,0
DA:83,0
DA:84,0
DA:85,0
DA:87,0
DA:89,0
DA:90,0
DA:91,0
DA:92,0
DA:96,0
DA:101,0
DA:102,0
DA:104,0
DA:105,0
DA:107,0
DA:108,0
DA:109,0
DA:110,0
DA:112,0
DA:113,0
DA:115,0
DA:116,0
DA:117,0
DA:118,0
DA:120,0
DA:121,0
DA:122,0
DA:123,0
DA:125,0
DA:127,0
DA:128,0
LF:31
LH:0
end_of_record
TN:
SF:/mnt/d/jl/openlibm/src/s_catanf.c
FN:72,88,_redupif
FN:91,124,catanf
FNDA:0,_redupif
FNDA:0,catanf
FNF:2
FNH:0
BRDA:79,0,0,-
BRDA:79,0,1,-
BRDA:99,0,0,-
BRDA:99,0,1,-
BRDA:99,0,2,-
BRDA:99,0,3,-
BRDA:104,0,0,-
BRDA:104,0,1,-
BRDA:112,0,0,-
BRDA:112,0,1,-
BRF:10
BRH:0
DA:72,0
DA:77,0
DA:78,0
DA:79,0
DA:80,0
DA:82,0
DA:84,0
DA:85,0
DA:86,0
DA:87,0
DA:91,0
DA:96,0
DA:97,0
DA:99,0
DA:100,0
DA:102,0
DA:103,0
DA:104,0
DA:105,0
DA:107,0
DA:108,0
DA:110,0
DA:111,0
DA:112,0
DA:113,0
DA:115,0
DA:116,0
DA:117,0
DA:118,0
DA:120,0
DA:122,0
DA:123,0
LF:32
LH:0
end_of_record
TN:
SF:/mnt/d/jl/openlibm/src/s_catanh.c
FN:52,58,catanh
FNDA:0,catanh
FNF:1
FNH:0
DA:52,0
DA:56,0
DA:57,0
LF:3
LH:0
end_of_record
TN:
SF:/mnt/d/jl/openlibm/src/s_catanhf.c
FN:49,55,catanhf
FNDA:0,catanhf
FNF:1
FNH:0
DA:49,0
DA:53,0
DA:54,0
LF:3
LH:0
end_of_record
TN:
SF:/mnt/d/jl/openlibm/src/s_catanhl.c
FN:50,56,catanhl
FNDA:0,catanhl
FNF:1
FNH:0
DA:50,0
DA:54,0
DA:55,0
LF:3
LH:0
end_of_record
TN:
SF:/mnt/d/jl/openlibm/src/s_catanl.c
FN:76,91,redupil
FN:94,127,catanl
FNDA:0,redupil
FNDA:0,catanl
FNF:2
FNH:0
BRDA:82,0,0,-
BRDA:82,0,1,-
BRDA:102,0,0,-
BRDA:102,0,1,-
BRDA:102,0,2,-
BRDA:102,0,3,-
BRDA:107,0,0,-
BRDA:107,0,1,-
BRDA:115,0,0,-
BRDA:115,0,1,-
BRF:10
BRH:0
DA:76,0
DA:81,0
DA:82,0
DA:83,0
DA:85,0
DA:87,0
DA:88,0
DA:89,0
DA:90,0
DA:94,0
DA:99,0
DA:100,0
DA:102,0
DA:103,0
DA:105,0
DA:106,0
DA:107,0
DA:108,0
DA:110,0
DA:111,0
DA:113,0
DA:114,0
DA:115,0
DA:116,0
DA:118,0
DA:119,0
DA:120,0
DA:121,0
DA:123,0
DA:125,0
DA:126,0
LF:31
LH:0
end_of_record
TN:
SF:/mnt/d/jl/openlibm/src/s_cbrt.c
FN:38,114,cbrt
FNDA:11,cbrt
FNF:1
FNH:1
BRDA:52,0,0,3
BRDA:52,0,1,8
BRDA:69,0,0,2
BRDA:69,0,1,6
BRDA:70,0,0,2
BRDA:70,0,1,0
BRF:6
BRH:5
DA:38,11
DA:45,11
DA:49,11
DA:50,11
DA:51,11
DA:52,11
DA:69,8
DA:70,2
DA:71,2
DA:72,0
DA:73,0
DA:74,0
DA:75,0
DA:77,6
DA:89,6
DA:90,6
DA:102,6
DA:103,6
DA:104,6
DA:107,6
DA:108,6
DA:109,6
DA:110,6
DA:111,6
DA:113,6
LF:25
LH:21
end_of_record
TN:
SF:/mnt/d/jl/openlibm/src/s_cbrtf.c
FN:32,74,cbrtf
FNDA:11,cbrtf
FNF:1
FNH:1
BRDA:43,0,0,3
BRDA:43,0,1,8
BRDA:46,0,0,2
BRDA:46,0,1,6
BRDA:47,0,0,2
BRDA:47,0,1,0
BRF:6
BRH:5
DA:32,11
DA:40,11
DA:41,11
DA:42,11
DA:43,11
DA:46,8
DA:47,2
DA:48,2
DA:49,0
DA:50,0
DA:51,0
DA:52,0
DA:54,6
DA:61,6
DA:62,6
DA:63,6
DA:69,6
DA:70,6
DA:73,6
LF:19
LH:15
end_of_record
TN:
SF:/mnt/d/jl/openlibm/src/s_cbrtl.c
FN:37,161,cbrtl
FNDA:0,cbrtl
FNF:1
FNH:0
BRDA:55,0,0,-
BRDA:55,0,1,-
BRDA:66,0,0,-
BRDA:66,0,1,-
BRDA:68,0,0,-
BRDA:68,0,1,-
BRDA:85,0,0,-
BRDA:85,0,1,-
BRDA:85,0,2,-
BRF:9
BRH:0
DA:37,0
DA:47,0
DA:48,0
DA:49,0
DA:55,0
DA:56,0
DA:66,0
DA:68,0
DA:73,0
DA:76,0
DA:77,0
DA:78,0
DA:80,0
DA:81,0
DA:82,0
DA:84,0
DA:85,0
DA:86,0
DA:88,0
DA:89,0
DA:90,0
DA:91,0
DA:93,0
DA:94,0
DA:95,0
DA:97,0
DA:106,0
DA:107,0
DA:108,0
DA:111,0
DA:112,0
DA:113,0
DA:114,0
DA:117,0
DA:118,0
DA:126,0
DA:127,0
DA:130,0
DA:149,0
DA:150,0
DA:151,0
DA:152,0
DA:153,0
DA:155,0
DA:160,0
LF:45
LH:0
end_of_record
TN:
[...]
BRDA:122,0,3,1
BRDA:125,0,0,1
BRDA:125,0,1,6
BRDA:126,0,0,6
BRDA:126,0,1,0
BRDA:127,0,0,6
BRDA:127,0,1,0
BRDA:131,0,0,3
BRDA:131,0,1,3
BRDA:147,0,0,2
BRDA:147,0,1,4
BRDA:157,0,0,0
BRDA:157,0,1,6
BRDA:158,0,0,-
BRDA:158,0,1,-
BRDA:159,0,0,-
BRDA:159,0,1,-
BRDA:167,0,0,-
BRDA:167,0,1,-
BRDA:173,0,0,0
BRDA:173,0,1,6
BRF:36
BRH:22
DA:101,13
DA:106,13
DA:107,13
DA:109,13
DA:110,13
DA:111,7
DA:112,3
DA:113,2
DA:115,4
DA:116,3
DA:117,3
DA:118,3
DA:120,0
DA:122,1
DA:123,0
DA:125,7
DA:126,6
DA:127,6
DA:128,6
DA:129,6
DA:130,6
DA:131,6
DA:132,6
DA:134,0
DA:135,0
DA:136,0
DA:137,0
DA:139,6
DA:147,6
DA:148,2
DA:150,4
DA:151,4
DA:152,4
DA:154,6
DA:156,6
DA:157,6
DA:158,0
DA:159,0
DA:160,0
DA:162,0
DA:163,0
DA:166,0
DA:167,0
DA:168,0
DA:170,6
DA:171,6
DA:172,6
DA:173,6
DA:174,6
LF:49
LH:35
end_of_record
TN:
SF:/mnt/d/jl/openlibm/src/s_log1pf.c
FN:39,114,log1pf
FNDA:13,log1pf
FNF:1
FNH:1
BRDA:48,0,0,7
BRDA:48,0,1,6
BRDA:49,0,0,3
BRDA:49,0,1,4
BRDA:50,0,0,1
BRDA:50,0,1,2
BRDA:53,0,0,3
BRDA:53,0,1,1
BRDA:54,0,0,3
BRDA:54,0,1,0
BRDA:55,0,0,3
BRDA:55,0,1,0
BRDA:60,0,0,1
BRDA:60,0,1,0
BRDA:60,0,2,0
BRDA:60,0,3,1
BRDA:63,0,0,1
BRDA:63,0,1,6
BRDA:64,0,0,6
BRDA:64,0,1,0
BRDA:65,0,0,6
BRDA:65,0,1,0
BRDA:70,0,0,3
BRDA:70,0,1,3
BRDA:86,0,0,2
BRDA:86,0,1,4
BRDA:96,0,0,0
BRDA:96,0,1,6
BRDA:97,0,0,-
BRDA:97,0,1,-
BRDA:98,0,0,-
BRDA:98,0,1,-
BRDA:106,0,0,-
BRDA:106,0,1,-
BRDA:112,0,0,0
BRDA:112,0,1,6
BRF:36
BRH:22
DA:39,13
DA:44,13
DA:45,13
DA:47,13
DA:48,13
DA:49,7
DA:50,3
DA:51,2
DA:53,4
DA:54,3
DA:55,3
DA:56,3
DA:58,0
DA:60,1
DA:61,0
DA:63,7
DA:64,6
DA:65,6
DA:66,6
DA:67,6
DA:68,6
DA:70,6
DA:71,6
DA:73,0
DA:74,0
DA:75,0
DA:76,0
DA:78,6
DA:86,6
DA:87,2
DA:89,4
DA:90,4
DA:91,4
DA:93,6
DA:95,6
DA:96,6
DA:97,0
DA:98,0
DA:99,0
DA:101,0
DA:102,0
DA:105,0
DA:106,0
DA:107,0
DA:109,6
DA:110,6
DA:111,6
DA:112,6
DA:113,6
LF:49
LH:35
end_of_record
TN:
SF:/mnt/d/jl/openlibm/src/s_logb.c
FN:31,45,logb
FNDA:9,logb
FNF:1
FNH:1
BRDA:36,0,0,2
BRDA:36,0,1,7
BRDA:37,0,0,3
BRDA:37,0,1,4
BRDA:38,0,0,0
BRDA:38,0,1,4
BRF:6
BRH:5
DA:31,9
DA:34,9
DA:35,9
DA:36,9
DA:37,7
DA:38,4
DA:39,0
DA:40,0
DA:41,0
DA:42,0
DA:44,4
LF:11
LH:7
end_of_record
TN:
SF:/mnt/d/jl/openlibm/src/s_logbf.c
FN:27,41,logbf
FNDA:9,logbf
FNF:1
FNH:1
BRDA:32,0,0,2
BRDA:32,0,1,7
BRDA:33,0,0,3
BRDA:33,0,1,4
BRDA:34,0,0,0
BRDA:34,0,1,4
BRF:6
BRH:5
DA:27,9
DA:30,9
DA:31,9
DA:32,9
DA:33,7
DA:34,4
DA:35,0
DA:36,0
DA:37,0
DA:38,0
DA:40,4
LF:11
LH:7
end_of_record
TN:
SF:/mnt/d/jl/openlibm/src/s_lround.c
FN:59,69,llround
FN:59,69,llroundf
FN:59,69,llroundl
FN:59,69,lround
FN:59,69,lroundf
FN:59,69,lroundl
FNDA:27,llround
FNDA:21,llroundf
FNDA:0,llroundl
FNDA:14,lround
FNDA:12,lroundf
FNDA:0,lroundl
FNF:6
FNH:4
BRDA:62,0,0,0
BRDA:62,0,1,74
BRDA:62,0,2,0
BRDA:62,0,3,0
BRDA:62,0,4,0
BRDA:62,0,5,0
BRF:6
BRH:1
DA:59,74
DA:62,74
DA:63,74
DA:64,74
DA:66,0
DA:67,0
LF:6
LH:4
end_of_record
TN:
SF:/mnt/d/jl/openlibm/src/s_modf.c
FN:30,76,modf
FNDA:10,modf
FNF:1
FNH:1
BRDA:36,0,0,7
BRDA:36,0,1,3
BRDA:37,0,0,1
BRDA:37,0,1,6
BRDA:42,0,0,2
BRDA:42,0,1,4
BRDA:53,0,0,3
BRDA:53,0,1,0
BRDA:55,0,0,3
BRDA:55,0,1,0
BRDA:65,0,0,-
BRDA:65,0,1,-
BRF:12
BRH:8
DA:30,10
DA:34,10
DA:35,10
DA:36,10
DA:37,7
DA:38,1
DA:39,1
DA:41,6
DA:42,6
DA:44,2
DA:45,2
DA:46,2
DA:47,2
DA:49,4
DA:50,4
DA:53,3
DA:55,3
DA:56,3
DA:57,3
DA:59,0
DA:60,0
DA:61,0
DA:62,0
DA:64,0
DA:65,0
DA:67,0
DA:68,0
DA:69,0
DA:70,0
DA:72,0
DA:73,0
LF:31
LH:19
end_of_record
TN:
SF:/mnt/d/jl/openlibm/src/s_modff.c
FN:26,58,modff
FNDA:10,modff
FNF:1
FNH:1
BRDA:32,0,0,7
BRDA:32,0,1,3
BRDA:33,0,0,1
BRDA:33,0,1,6
BRDA:38,0,0,2
BRDA:38,0,1,4
BRDA:52,0,0,1
BRDA:52,0,1,2
BRF:8
BRH:8
DA:26,10
DA:30,10
DA:31,10
DA:32,10
DA:33,7
DA:34,1
DA:35,1
DA:37,6
DA:38,6
DA:40,2
DA:41,2
DA:42,2
DA:43,2
DA:45,4
DA:46,4
DA:51,3
DA:52,3
DA:53,1
DA:54,2
DA:55,2
DA:56,2
LF:21
LH:21
end_of_record
TN:
SF:/mnt/d/jl/openlibm/src/s_modfl.c
FN:58,101,modfl
FNDA:0,modfl
FNF:1
FNH:0
BRDA:65,0,0,-
BRDA:65,0,1,-
BRDA:66,0,0,-
BRDA:66,0,1,-
BRDA:71,0,0,-
BRDA:71,0,1,-
BRDA:83,0,0,-
BRDA:83,0,1,-
BRDA:85,0,0,-
BRDA:85,0,1,-
BRDA:89,0,0,-
BRDA:89,0,1,-
BRF:12
BRH:0
DA:58,0
DA:63,0
DA:64,0
DA:65,0
DA:66,0
DA:67,0
DA:68,0
DA:70,0
DA:71,0
DA:72,0
DA:73,0
DA:76,0
DA:77,0
DA:78,0
DA:79,0
DA:80,0
DA:83,0
DA:84,0
DA:85,0
DA:86,0
DA:87,0
DA:89,0
DA:91,0
DA:92,0
DA:95,0
DA:96,0
DA:97,0
DA:98,0
LF:28
LH:0
end_of_record
TN:
SF:/mnt/d/jl/openlibm/src/s_nan.c
FN:110,120,nanf
FN:40,48,digittoint
FN:65,90,__scan_nan
FN:93,107,nan
FNDA:0,nanf
FNDA:0,digittoint
FNDA:0,__scan_nan
FNDA:0,nan
FNF:4
FNH:0
BRDA:41,0,0,-
BRDA:41,0,1,-
BRDA:41,0,2,-
BRDA:41,0,3,-
BRDA:43,0,0,-
BRDA:43,0,1,-
BRDA:43,0,2,-
BRDA:43,0,3,-
BRDA:45,0,0,-
BRDA:45,0,1,-
BRDA:45,0,2,-
BRDA:45,0,3,-
BRDA:73,0,0,-
BRDA:73,0,1,-
BRDA:73,0,2,-
BRDA:73,0,3,-
BRDA:73,0,4,-
BRDA:73,0,5,-
BRDA:77,0,0,-
BRDA:77,0,1,-
BRDA:82,0,0,-
BRDA:82,0,1,-
BRDA:86,0,0,-
BRDA:86,0,1,-
BRF:24
BRH:0
DA:40,0
DA:41,0
DA:42,0
DA:43,0
DA:44,0
DA:45,0
DA:46,0
DA:47,0
DA:65,0
DA:70,0
DA:73,0
DA:74,0
DA:77,0
DA:82,0
DA:86,0
DA:87,0
DA:88,0
DA:90,0
DA:93,0
DA:100,0
DA:102,0
DA:106,0
DA:110,0
DA:117,0
DA:118,0
DA:119,0
LF:26
LH:0
end_of_record
TN:
SF:/mnt/d/jl/openlibm/src/s_nearbyint.c
FN:55,55,nearbyint
FN:56,56,nearbyintf
FNDA:9,nearbyint
FNDA:9,nearbyintf
FNF:2
FNH:2
DA:55,9
DA:56,9
LF:2
LH:2
end_of_record
TN:
SF:/mnt/d/jl/openlibm/src/s_nextafter.c
FN:29,77,nextafter
FNDA:11,nextafter
FNF:1
FNH:1
BRDA:40,0,0,4
BRDA:40,0,1,7
BRDA:40,0,2,2
BRDA:40,0,3,2
BRDA:40,0,4,3
BRDA:40,0,5,6
BRDA:41,0,0,1
BRDA:41,0,1,2
BRDA:43,0,0,8
BRDA:43,0,1,0
BRDA:44,0,0,-
BRDA:44,0,1,-
BRDA:47,0,0,-
BRDA:47,0,1,-
BRDA:49,0,0,-
BRDA:49,0,1,-
BRDA:50,0,0,-
BRDA:50,0,1,-
BRDA:50,0,2,-
BRDA:50,0,3,-
BRDA:50,0,4,-
BRDA:50,0,5,-
BRDA:51,0,0,-
BRDA:51,0,1,-
BRDA:55,0,0,-
BRDA:55,0,1,-
BRDA:58,0,0,-
BRDA:58,0,1,-
BRDA:58,0,2,-
BRDA:58,0,3,-
BRDA:58,0,4,-
BRDA:58,0,5,-
BRDA:58,0,6,-
BRDA:58,0,7,-
BRDA:59,0,0,-
BRDA:59,0,1,-
BRDA:63,0,0,-
BRDA:63,0,1,-
BRDA:67,0,0,-
BRDA:67,0,1,-
BRDA:68,0,0,-
BRDA:68,0,1,-
BRDA:70,0,0,-
BRDA:70,0,1,-
BRF:44
BRH:9
DA:29,11
DA:35,11
DA:36,11
DA:37,11
DA:38,11
DA:40,11
DA:41,3
DA:42,3
DA:43,8
DA:44,0
DA:45,0
DA:46,0
DA:47,0
DA:49,0
DA:50,0
DA:51,0
DA:52,0
DA:54,0
DA:55,0
DA:58,0
DA:59,0
DA:60,0
DA:62,0
DA:63,0
DA:66,0
DA:67,0
DA:68,0
DA:69,0
DA:70,0
DA:71,0
DA:72,0
DA:75,0
DA:76,0
LF:33
LH:9
end_of_record
TN:
SF:/mnt/d/jl/openlibm/src/s_nextafterf.c
FN:24,67,nextafterf
FNDA:11,nextafterf
FNF:1
FNH:1
BRDA:34,0,0,9
BRDA:34,0,1,2
BRDA:34,0,2,1
BRDA:34,0,3,8
BRDA:37,0,0,8
BRDA:37,0,1,0
BRDA:38,0,0,-
BRDA:38,0,1,-
BRDA:41,0,0,-
BRDA:41,0,1,-
BRDA:43,0,0,-
BRDA:43,0,1,-
BRDA:44,0,0,-
BRDA:44,0,1,-
BRDA:50,0,0,-
BRDA:50,0,1,-
BRDA:50,0,2,-
BRDA:50,0,3,-
BRDA:57,0,0,-
BRDA:57,0,1,-
BRDA:58,0,0,-
BRDA:58,0,1,-
BRDA:60,0,0,-
BRDA:60,0,1,-
BRF:24
BRH:5
DA:24,11
DA:29,11
DA:30,11
DA:31,11
DA:32,11
DA:34,11
DA:36,3
DA:37,8
DA:38,0
DA:39,0
DA:40,0
DA:41,0
DA:43,0
DA:44,0
DA:45,0
DA:47,0
DA:50,0
DA:51,0
DA:53,0
DA:56,0
DA:57,0
DA:58,0
DA:59,0
DA:60,0
DA:61,0
DA:62,0
DA:65,0
DA:66,0
LF:28
LH:8
end_of_record
TN:
SF:/mnt/d/jl/openlibm/src/s_nextafterl.c
FN:34,78,nextafterl
FNDA:0,nextafterl
FNF:1
FNH:0
BRDA:42,0,0,-
BRDA:42,0,1,-
BRDA:43,0,0,-
BRDA:43,0,1,-
BRDA:44,0,0,-
BRDA:44,0,1,-
BRDA:45,0,0,-
BRDA:45,0,1,-
BRDA:47,0,0,-
BRDA:47,0,1,-
BRDA:48,0,0,-
BRDA:48,0,1,-
BRDA:53,0,0,-
BRDA:53,0,1,-
BRDA:55,0,0,-
BRDA:55,0,1,-
BRDA:56,0,0,-
BRDA:56,0,1,-
BRDA:57,0,0,-
BRDA:57,0,1,-
BRDA:64,0,0,-
BRDA:64,0,1,-
BRDA:66,0,0,-
BRDA:66,0,1,-
BRDA:70,0,0,-
BRDA:70,0,1,-
BRDA:71,0,0,-
BRDA:71,0,1,-
BRDA:74,0,0,-
BRDA:74,0,1,-
BRF:30
BRH:0
DA:34,0
DA:39,0
DA:40,0
DA:42,0
DA:43,0
DA:44,0
DA:45,0
DA:46,0
DA:47,0
DA:48,0
DA:49,0
DA:50,0
DA:51,0
DA:52,0
DA:53,0
DA:55,0
DA:56,0
DA:57,0
DA:58,0
DA:59,0
DA:61,0
DA:63,0
DA:64,0
DA:65,0
DA:66,0
DA:67,0
DA:70,0
DA:71,0
DA:72,0
DA:73,0
DA:74,0
DA:75,0
DA:77,0
LF:33
LH:0
end_of_record
TN:
SF:/mnt/d/jl/openlibm/src/s_nexttoward.c
FN:33,72,nexttoward
FNDA:0,nexttoward
FNF:1
FNH:0
BRDA:44,0,0,-
BRDA:44,0,1,-
BRDA:44,0,2,-
BRDA:44,0,3,-
BRDA:45,0,0,-
BRDA:45,0,1,-
BRDA:46,0,0,-
BRDA:46,0,1,-
BRDA:48,0,0,-
BRDA:48,0,1,-
BRDA:49,0,0,-
BRDA:49,0,1,-
BRDA:52,0,0,-
BRDA:52,0,1,-
BRDA:54,0,0,-
BRDA:54,0,1,-
BRDA:55,0,0,-
BRDA:55,0,1,-
BRDA:59,0,0,-
BRDA:59,0,1,-
BRDA:62,0,0,-
BRDA:62,0,1,-
BRDA:63,0,0,-
BRDA:63,0,1,-
BRDA:65,0,0,-
BRDA:65,0,1,-
BRF:26
BRH:0
DA:33,0
DA:40,0
DA:41,0
DA:42,0
DA:44,0
DA:45,0
DA:46,0
DA:47,0
DA:48,0
DA:49,0
DA:50,0
DA:51,0
DA:52,0
DA:54,0
DA:55,0
DA:56,0
DA:58,0
DA:59,0
DA:61,0
DA:62,0
DA:63,0
DA:64,0
DA:65,0
DA:66,0
DA:67,0
DA:70,0
DA:71,0
LF:27
LH:0
end_of_record
TN:
SF:/mnt/d/jl/openlibm/src/s_nexttowardf.c
FN:25,60,nexttowardf
FNDA:0,nexttowardf
FNF:1
FNH:0
BRDA:35,0,0,-
BRDA:35,0,1,-
BRDA:36,0,0,-
BRDA:36,0,1,-
BRDA:37,0,0,-
BRDA:37,0,1,-
BRDA:39,0,0,-
BRDA:39,0,1,-
BRDA:40,0,0,-
BRDA:40,0,1,-
BRDA:43,0,0,-
BRDA:43,0,1,-
BRDA:45,0,0,-
BRDA:45,0,1,-
BRDA:50,0,0,-
BRDA:50,0,1,-
BRDA:51,0,0,-
BRDA:51,0,1,-
BRDA:53,0,0,-
BRDA:53,0,1,-
BRF:20
BRH:0
DA:25,0
DA:31,0
DA:32,0
DA:33,0
DA:35,0
DA:36,0
DA:37,0
DA:38,0
DA:39,0
DA:40,0
DA:41,0
DA:42,0
DA:43,0
DA:45,0
DA:46,0
DA:48,0
DA:49,0
DA:50,0
DA:51,0
DA:52,0
DA:53,0
DA:54,0
DA:55,0
DA:58,0
DA:59,0
LF:25
LH:0
end_of_record
TN:
SF:/mnt/d/jl/openlibm/src/s_rint.c
FN:38,88,rint
FNDA:23,rint
FNF:1
FNH:1
BRDA:46,0,0,18
BRDA:46,0,1,5
BRDA:47,0,0,8
BRDA:47,0,1,10
BRDA:48,0,0,4
BRDA:48,0,1,4
BRDA:60,0,0,0
BRDA:60,0,1,10
BRDA:62,0,0,0
BRDA:62,0,1,10
BRDA:71,0,0,-
BRDA:71,0,1,-
BRDA:72,0,0,-
BRDA:72,0,1,-
BRDA:76,0,0,5
BRDA:76,0,1,0
BRDA:77,0,0,5
BRDA:77,0,1,0
BRDA:81,0,0,-
BRDA:81,0,1,-
BRDA:83,0,0,-
BRDA:83,0,1,-
BRF:22
BRH:10
DA:38,23
DA:43,23
DA:44,23
DA:45,23
DA:46,23
DA:47,18
DA:48,8
DA:49,4
DA:50,4
DA:51,4
DA:52,4
DA:53,4
DA:54,4
DA:55,4
DA:56,4
DA:57,4
DA:59,10
DA:60,10
DA:61,10
DA:62,10
DA:71,0
DA:72,0
DA:73,0
DA:76,5
DA:77,5
DA:78,0
DA:80,0
DA:81,0
DA:82,0
DA:83,0
DA:85,10
DA:86,10
DA:87,10
LF:33
LH:25
end_of_record
TN:
SF:/mnt/d/jl/openlibm/src/s_rintf.c
FN:32,53,rintf
FNDA:23,rintf
FNF:1
FNH:1
BRDA:39,0,0,18
BRDA:39,0,1,5
BRDA:40,0,0,8
BRDA:40,0,1,10
BRDA:41,0,0,4
BRDA:41,0,1,4
BRDA:51,0,0,5
BRDA:51,0,1,0
BRF:8
BRH:7
DA:32,23
DA:36,23
DA:37,23
DA:38,23
DA:39,23
DA:40,18
DA:41,8
DA:42,4
DA:43,4
DA:44,4
DA:45,4
DA:46,4
DA:48,10
DA:49,10
DA:51,5
DA:52,0
LF:16
LH:15
end_of_record
TN:
SF:/mnt/d/jl/openlibm/src/s_round.c
FN:35,55,round
FNDA:53,round
FNF:1
FNH:1
BRDA:41,0,0,0
BRDA:41,0,1,53
BRDA:44,0,0,32
BRDA:44,0,1,21
BRDA:46,0,0,17
BRDA:46,0,1,15
BRDA:51,0,0,15
BRDA:51,0,1,6
BRF:8
BRH:7
DA:35,53
DA:40,53
DA:41,53
DA:42,0
DA:44,53
DA:45,32
DA:46,32
DA:47,17
DA:48,32
DA:50,21
DA:51,21
DA:52,15
DA:53,21
LF:13
LH:12
end_of_record
TN:
SF:/mnt/d/jl/openlibm/src/s_roundf.c
FN:35,53,roundf
FNDA:45,roundf
FNF:1
FNH:1
BRDA:39,0,0,0
BRDA:39,0,1,45
BRDA:42,0,0,30
BRDA:42,0,1,15
BRDA:44,0,0,12
BRDA:44,0,1,18
BRDA:49,0,0,12
BRDA:49,0,1,3
BRF:8
BRH:7
DA:35,45
DA:39,45
DA:40,0
DA:42,45
DA:43,30
DA:44,30
DA:45,12
DA:46,30
DA:48,15
DA:49,15
DA:50,12
DA:51,15
LF:12
LH:11
end_of_record
TN:
SF:/mnt/d/jl/openlibm/src/s_roundl.c
FN:35,53,roundl
FNDA:0,roundl
FNF:1
FNH:0
BRDA:39,0,0,-
BRDA:39,0,1,-
BRDA:42,0,0,-
BRDA:42,0,1,-
BRDA:44,0,0,-
BRDA:44,0,1,-
BRDA:49,0,0,-
BRDA:49,0,1,-
BRF:8
BRH:0
DA:35,0
DA:39,0
DA:40,0
DA:42,0
DA:43,0
DA:44,0
DA:45,0
DA:46,0
DA:48,0
DA:49,0
DA:50,0
DA:51,0
LF:12
LH:0
end_of_record
TN:
SF:/mnt/d/jl/openlibm/src/s_scalbln.c
FN:36,48,scalbln
FN:51,63,scalblnf
FN:67,79,scalblnl
FNDA:8,scalbln
FNDA:8,scalblnf
FNDA:0,scalblnl
FNF:3
FNH:2
BRDA:41,0,0,0
BRDA:41,0,1,8
BRDA:42,0,0,-
BRDA:42,0,1,-
BRDA:56,0,0,0
BRDA:56,0,1,8
BRDA:57,0,0,-
BRDA:57,0,1,-
BRDA:72,0,0,-
BRDA:72,0,1,-
BRDA:73,0,0,-
BRDA:73,0,1,-
BRF:12
BRH:2
DA:36,8
DA:40,8
DA:41,8
DA:42,0
DA:43,0
DA:45,0
DA:47,8
DA:51,8
DA:55,8
DA:56,8
DA:57,0
DA:58,0
DA:60,0
DA:62,8
DA:67,0
DA:71,0
DA:72,0
DA:73,0
DA:74,0
DA:76,0
DA:78,0
LF:21
LH:8
end_of_record
TN:
SF:/mnt/d/jl/openlibm/src/s_signbit.c
FN:35,41,__signbit
FN:44,50,__signbitf
FN:54,60,__signbitl
FNDA:613,__signbit
FNDA:605,__signbitf
FNDA:0,__signbitl
FNF:3
FNH:2
DA:35,613
DA:39,613
DA:40,613
DA:44,605
DA:48,605
DA:49,605
DA:54,0
DA:58,0
DA:59,0
LF:9
LH:6
end_of_record
TN:
SF:/mnt/d/jl/openlibm/src/s_sin.c
FN:55,85,sin
FNDA:51,sin
FNF:1
FNH:1
BRDA:65,0,0,6
BRDA:65,0,1,45
BRDA:66,0,0,3
BRDA:66,0,1,3
BRDA:67,0,0,3
BRDA:67,0,1,0
BRDA:72,0,0,3
BRDA:72,0,1,42
BRDA:77,0,0,0
BRDA:77,0,1,25
BRDA:77,0,2,16
BRDA:77,0,3,1
BRF:12
BRH:10
DA:55,51
DA:57,51
DA:61,51
DA:64,51
DA:65,51
DA:66,6
DA:67,3
DA:68,3
DA:72,45
DA:76,42
DA:77,42
DA:78,0
DA:79,25
DA:80,16
DA:81,1
DA:82,1
LF:16
LH:15
end_of_record
TN:
SF:/mnt/d/jl/openlibm/src/s_sincos.c
FN:71,96,__kernel_sincos
FN:99,155,sincos
FNDA:4,__kernel_sincos
FNDA:16,sincos
FNF:2
FNH:2
BRDA:92,0,0,2
BRDA:92,0,1,2
BRDA:109,0,0,11
BRDA:109,0,1,5
BRDA:111,0,0,9
BRDA:111,0,1,2
BRDA:113,0,0,9
BRDA:113,0,1,0
BRDA:121,0,0,3
BRDA:121,0,1,2
BRDA:136,0,0,0
BRDA:136,0,1,2
BRDA:136,0,2,0
BRDA:136,0,3,0
BRF:14
BRH:10
DA:71,4
DA:77,4
DA:78,4
DA:82,4
DA:83,4
DA:84,4
DA:86,4
DA:90,4
DA:91,4
DA:92,4
DA:93,2
DA:95,2
DA:96,4
DA:99,16
DA:105,16
DA:108,16
DA:109,16
DA:111,11
DA:113,9
DA:114,9
DA:115,9
DA:116,9
DA:120,2
DA:121,5
DA:123,3
DA:124,3
DA:132,2
DA:133,2
DA:136,2
DA:137,0
DA:138,0
DA:139,0
DA:140,0
DA:141,2
DA:142,2
DA:143,2
DA:144,2
DA:145,0
DA:146,0
DA:147,0
DA:148,0
DA:149,0
DA:150,0
DA:151,0
DA:152,0
LF:45
LH:33
end_of_record
TN:
SF:/mnt/d/jl/openlibm/src/s_sincosf.c
FN:54,73,__kernel_sincosdf
FN:76,172,sincosf
FNDA:4,__kernel_sincosdf
FNDA:16,sincosf
FNF:2
FNH:2
BRDA:88,0,0,11
BRDA:88,0,1,5
BRDA:89,0,0,9
BRDA:89,0,1,2
BRDA:91,0,0,9
BRDA:91,0,1,0
BRDA:101,0,0,2
BRDA:101,0,1,3
BRDA:103,0,0,2
BRDA:103,0,1,0
BRDA:104,0,0,2
BRDA:104,0,1,0
BRDA:113,0,0,-
BRDA:113,0,1,-
BRDA:125,0,0,0
BRDA:125,0,1,3
BRDA:127,0,0,-
BRDA:127,0,1,-
BRDA:128,0,0,-
BRDA:128,0,1,-
BRDA:137,0,0,-
BRDA:137,0,1,-
BRDA:147,0,0,3
BRDA:147,0,1,0
BRDA:153,0,0,-
BRDA:153,0,1,-
BRDA:153,0,2,-
BRDA:153,0,3,-
BRF:28
BRH:11
DA:54,4
DA:57,4
DA:58,4
DA:62,4
DA:63,4
DA:67,4
DA:68,4
DA:69,4
DA:71,4
DA:72,4
DA:73,4
DA:76,16
DA:78,16
DA:79,16
DA:85,16
DA:86,16
DA:88,16
DA:89,11
DA:91,9
DA:92,9
DA:93,9
DA:94,13
DA:97,2
DA:98,2
DA:101,5
DA:103,2
DA:104,2
DA:105,2
DA:108,0
DA:109,0
DA:113,0
DA:114,0
DA:115,0
DA:117,0
DA:118,0
DA:121,2
DA:125,3
DA:127,0
DA:128,0
DA:129,0
DA:130,0
DA:132,0
DA:133,0
DA:137,0
DA:138,0
DA:140,0
DA:143,0
DA:147,3
DA:148,3
DA:151,0
DA:153,0
DA:154,0
DA:155,0
DA:156,0
DA:157,0
DA:158,0
DA:159,0
DA:160,0
DA:161,0
DA:162,0
DA:163,0
DA:164,0
DA:165,0
DA:166,0
DA:167,0
DA:168,0
LF:66
LH:32
end_of_record
TN:
SF:/mnt/d/jl/openlibm/src/s_sincosl.c
FN:27,31,sincosl
FNDA:0,sincosl
FNF:1
FNH:0
DA:27,0
DA:29,0
DA:30,0
DA:31,0
LF:4
LH:0
end_of_record
TN:
SF:/mnt/d/jl/openlibm/src/s_sinf.c
FN:39,85,sinf
FNDA:51,sinf
FNF:1
FNH:1
BRDA:47,0,0,6
BRDA:47,0,1,45
BRDA:48,0,0,3
BRDA:48,0,1,3
BRDA:49,0,0,3
BRDA:49,0,1,0
BRDA:52,0,0,18
BRDA:52,0,1,27
BRDA:53,0,0,18
BRDA:53,0,1,0
BRDA:54,0,0,17
BRDA:54,0,1,1
BRDA:59,0,0,-
BRDA:59,0,1,-
BRDA:61,0,0,0
BRDA:61,0,1,27
BRDA:62,0,0,-
BRDA:62,0,1,-
BRDA:63,0,0,-
BRDA:63,0,1,-
BRDA:68,0,0,-
BRDA:68,0,1,-
BRDA:72,0,0,3
BRDA:72,0,1,24
BRDA:77,0,0,0
BRDA:77,0,1,8
BRDA:77,0,2,16
BRDA:77,0,3,0
BRF:28
BRH:15
DA:39,51
DA:44,51
DA:45,51
DA:47,51
DA:48,6
DA:49,3
DA:50,3
DA:52,45
DA:53,18
DA:54,18
DA:55,17
DA:57,1
DA:59,0
DA:61,27
DA:62,0
DA:63,0
DA:64,0
DA:66,0
DA:68,0
DA:72,27
DA:76,24
DA:77,24
DA:78,0
DA:79,8
DA:80,16
DA:81,0
DA:82,0
LF:27
LH:18
end_of_record
TN:
SF:/mnt/d/jl/openlibm/src/s_sinl.c
FN:43,88,sinl
FNDA:0,sinl
FNF:1
FNH:0
BRDA:55,0,0,-
BRDA:55,0,1,-
BRDA:59,0,0,-
BRDA:59,0,1,-
BRDA:63,0,0,-
BRDA:63,0,1,-
BRDA:65,0,0,-
BRDA:65,0,1,-
BRDA:72,0,0,-
BRDA:72,0,1,-
BRDA:72,0,2,-
BRDA:72,0,3,-
BRDA:72,0,4,-
BRF:13
BRH:0
DA:43,0
DA:50,0
DA:51,0
DA:52,0
DA:55,0
DA:56,0
DA:59,0
DA:60,0
DA:63,0
DA:64,0
DA:65,0
DA:68,0
DA:69,0
DA:70,0
DA:72,0
DA:73,0
DA:74,0
DA:75,0
DA:76,0
DA:77,0
DA:78,0
DA:79,0
DA:80,0
DA:81,0
DA:82,0
DA:83,0
DA:84,0
DA:87,0
LF:28
LH:0
end_of_record
TN:
SF:/mnt/d/jl/openlibm/src/s_tan.c
FN:54,79,tan
FNDA:8,tan
FNF:1
FNH:1
BRDA:64,0,0,5
BRDA:64,0,1,3
BRDA:65,0,0,3
BRDA:65,0,1,2
BRDA:66,0,0,3
BRDA:66,0,1,0
BRDA:71,0,0,3
BRDA:71,0,1,0
BRF:8
BRH:6
DA:54,8
DA:56,8
DA:60,8
DA:63,8
DA:64,8
DA:65,5
DA:66,3
DA:67,2
DA:71,3
DA:75,0
DA:76,0
LF:11
LH:9
end_of_record
TN:
SF:/mnt/d/jl/openlibm/src/s_tanf.c
FN:37,72,tanf
FNDA:8,tanf
FNF:1
FNH:1
BRDA:45,0,0,4
BRDA:45,0,1,4
BRDA:46,0,0,3
BRDA:46,0,1,1
BRDA:47,0,0,3
BRDA:47,0,1,0
BRDA:50,0,0,1
BRDA:50,0,1,3
BRDA:51,0,0,1
BRDA:51,0,1,0
BRDA:52,0,0,1
BRDA:52,0,1,0
BRDA:54,0,0,-
BRDA:54,0,1,-
BRDA:56,0,0,0
BRDA:56,0,1,3
BRDA:57,0,0,-
BRDA:57,0,1,-
BRDA:58,0,0,-
BRDA:58,0,1,-
BRDA:60,0,0,-
BRDA:60,0,1,-
BRDA:64,0,0,3
BRDA:64,0,1,0
BRF:24
BRH:11
DA:37,8
DA:42,8
DA:43,8
DA:45,8
DA:46,4
DA:47,3
DA:48,1
DA:50,4
DA:51,1
DA:52,1
DA:54,0
DA:56,3
DA:57,0
DA:58,0
DA:60,0
DA:64,3
DA:68,0
DA:70,0
LF:18
LH:12
end_of_record
TN:
SF:/mnt/d/jl/openlibm/src/s_tanh.c
FN:48,79,tanh
FNDA:11,tanh
FNF:1
FNH:1
BRDA:57,0,0,3
BRDA:57,0,1,8
BRDA:58,0,0,1
BRDA:58,0,1,2
BRDA:63,0,0,8
BRDA:63,0,1,0
BRDA:64,0,0,3
BRDA:64,0,1,5
BRDA:65,0,0,3
BRDA:65,0,1,0
BRDA:67,0,0,2
BRDA:67,0,1,3
BRDA:78,0,0,2
BRDA:78,0,1,3
BRF:14
BRH:12
DA:48,11
DA:53,11
DA:54,11
DA:57,11
DA:58,3
DA:59,2
DA:63,8
DA:64,8
DA:65,3
DA:67,5
DA:68,2
DA:69,2
DA:71,3
DA:72,3
DA:76,0
DA:78,5
LF:16
LH:15
end_of_record
TN:
SF:/mnt/d/jl/openlibm/src/s_tanhf.c
FN:25,56,tanhf
FNDA:11,tanhf
FNF:1
FNH:1
BRDA:34,0,0,3
BRDA:34,0,1,8
BRDA:35,0,0,1
BRDA:35,0,1,2
BRDA:40,0,0,8
BRDA:40,0,1,0
BRDA:41,0,0,3
BRDA:41,0,1,5
BRDA:42,0,0,3
BRDA:42,0,1,0
BRDA:44,0,0,2
BRDA:44,0,1,3
BRDA:55,0,0,2
BRDA:55,0,1,3
BRF:14
BRH:12
DA:25,11
DA:30,11
DA:31,11
DA:34,11
DA:35,3
DA:36,2
DA:40,8
DA:41,8
DA:42,3
DA:44,5
DA:45,2
DA:46,2
DA:48,3
DA:49,3
DA:53,0
DA:55,5
LF:16
LH:15
end_of_record
TN:
SF:/mnt/d/jl/openlibm/src/s_tanl.c
FN:49,90,tanl
FNDA:0,tanl
FNF:1
FNH:0
BRDA:61,0,0,-
BRDA:61,0,1,-
BRDA:65,0,0,-
BRDA:65,0,1,-
BRDA:69,0,0,-
BRDA:69,0,1,-
BRDA:71,0,0,-
BRDA:71,0,1,-
BRDA:78,0,0,-
BRDA:78,0,1,-
BRDA:78,0,2,-
BRF:11
BRH:0
DA:49,0
DA:56,0
DA:57,0
DA:58,0
DA:61,0
DA:62,0
DA:65,0
DA:66,0
DA:69,0
DA:70,0
DA:71,0
DA:74,0
DA:75,0
DA:76,0
DA:78,0
DA:79,0
DA:81,0
DA:82,0
DA:83,0
DA:85,0
DA:86,0
DA:89,0
LF:22
LH:0
end_of_record
TN:
SF:/mnt/d/jl/openlibm/src/s_tgammaf.c
FN:41,45,tgammaf
FNDA:13,tgammaf
FNF:1
FNH:1
DA:41,13
DA:44,13
LF:2
LH:2
end_of_record
TN:
SF:/mnt/d/jl/openlibm/src/s_trunc.c
FN:33,63,trunc
FNDA:17,trunc
FNF:1
FNH:1
BRDA:39,0,0,8
BRDA:39,0,1,9
BRDA:40,0,0,4
BRDA:40,0,1,4
BRDA:41,0,0,4
BRDA:41,0,1,0
BRDA:47,0,0,2
BRDA:47,0,1,2
BRDA:48,0,0,2
BRDA:48,0,1,0
BRDA:52,0,0,3
BRDA:52,0,1,6
BRDA:53,0,0,3
BRDA:53,0,1,0
BRDA:57,0,0,0
BRDA:57,0,1,6
BRDA:58,0,0,6
BRDA:58,0,1,0
BRF:18
BRH:13
DA:33,17
DA:37,17
DA:38,17
DA:39,17
DA:40,8
DA:41,4
DA:42,4
DA:43,4
DA:46,4
DA:47,4
DA:48,2
DA:49,2
DA:52,9
DA:53,3
DA:54,0
DA:56,6
DA:57,6
DA:58,6
DA:59,6
DA:61,12
DA:62,12
LF:21
LH:20
end_of_record
TN:
SF:/mnt/d/jl/openlibm/src/s_truncf.c
FN:32,54,truncf
FNDA:17,truncf
FNF:1
FNH:1
BRDA:38,0,0,10
BRDA:38,0,1,7
BRDA:39,0,0,4
BRDA:39,0,1,6
BRDA:40,0,0,4
BRDA:40,0,1,0
BRDA:44,0,0,2
BRDA:44,0,1,4
BRDA:45,0,0,4
BRDA:45,0,1,0
BRDA:49,0,0,3
BRDA:49,0,1,4
BRF:12
BRH:10
DA:32,17
DA:36,17
DA:37,17
DA:38,17
DA:39,10
DA:40,4
DA:41,4
DA:43,6
DA:44,6
DA:45,4
DA:46,4
DA:49,7
DA:50,4
DA:52,8
DA:53,8
LF:15
LH:15
end_of_record
TN:
SF:/mnt/d/jl/openlibm/src/s_truncl.c
FN:43,69,truncl
FNDA:0,truncl
FNF:1
FNH:0
BRDA:48,0,0,-
BRDA:48,0,1,-
BRDA:49,0,0,-
BRDA:49,0,1,-
BRDA:50,0,0,-
BRDA:50,0,1,-
BRDA:54,0,0,-
BRDA:54,0,1,-
BRDA:56,0,0,-
BRDA:56,0,1,-
BRDA:61,0,0,-
BRDA:61,0,1,-
BRDA:63,0,0,-
BRDA:63,0,1,-
BRDA:65,0,0,-
BRDA:65,0,1,-
BRF:16
BRH:0
DA:43,0
DA:45,0
DA:46,0
DA:48,0
DA:49,0
DA:50,0
DA:51,0
DA:53,0
DA:54,0
DA:55,0
DA:56,0
DA:57,0
DA:58,0
DA:61,0
DA:62,0
DA:63,0
DA:64,0
DA:65,0
DA:66,0
DA:68,0
LF:20
LH:0
end_of_record
TN:
SF:/mnt/d/jl/openlibm/src/w_cabs.c
FN:18,21,cabs
FNDA:0,cabs
FNF:1
FNH:0
DA:18,0
DA:20,0
LF:2
LH:0
end_of_record
TN:
SF:/mnt/d/jl/openlibm/src/w_cabsf.c
FN:14,19,cabsf
FNDA:0,cabsf
FNF:1
FNH:0
DA:14,0
DA:18,0
LF:2
LH:0
end_of_record
TN:
SF:/mnt/d/jl/openlibm/src/w_cabsl.c
FN:19,22,cabsl
FNDA:0,cabsl
FNF:1
FNH:0
DA:19,0
DA:21,0
LF:2
LH:0
end_of_record
